{"C:\\Users\\SHARON Otunga\\Desktop\\Project\\Bolt 1.1\\backend\\src\\app.js": {"path":"C:\\Users\\SHARON Otunga\\Desktop\\Project\\Bolt 1.1\\backend\\src\\app.js","statementMap":{"0":{"start":{"line":1,"column":16},"end":{"line":1,"column":34}},"1":{"start":{"line":2,"column":15},"end":{"line":2,"column":32}},"2":{"start":{"line":3,"column":20},"end":{"line":3,"column":42}},"3":{"start":{"line":4,"column":40},"end":{"line":4,"column":68}},"4":{"start":{"line":5,"column":21},"end":{"line":5,"column":45}},"5":{"start":{"line":6,"column":15},"end":{"line":6,"column":34}},"6":{"start":{"line":7,"column":15},"end":{"line":7,"column":43}},"7":{"start":{"line":8,"column":18},"end":{"line":8,"column":51}},"8":{"start":{"line":9,"column":22},"end":{"line":9,"column":59}},"9":{"start":{"line":10,"column":30},"end":{"line":10,"column":71}},"10":{"start":{"line":11,"column":21},"end":{"line":11,"column":57}},"11":{"start":{"line":12,"column":27},"end":{"line":12,"column":60}},"12":{"start":{"line":13,"column":31},"end":{"line":13,"column":63}},"13":{"start":{"line":14,"column":26},"end":{"line":14,"column":57}},"14":{"start":{"line":16,"column":19},"end":{"line":16,"column":52}},"15":{"start":{"line":17,"column":22},"end":{"line":17,"column":49}},"16":{"start":{"line":20,"column":12},"end":{"line":20,"column":21}},"17":{"start":{"line":21,"column":0},"end":{"line":21,"column":26}},"18":{"start":{"line":22,"column":0},"end":{"line":22,"column":19}},"19":{"start":{"line":23,"column":0},"end":{"line":23,"column":23}},"20":{"start":{"line":24,"column":0},"end":{"line":24,"column":27}},"21":{"start":{"line":27,"column":0},"end":{"line":27,"column":41}},"22":{"start":{"line":28,"column":0},"end":{"line":28,"column":63}},"23":{"start":{"line":29,"column":0},"end":{"line":29,"column":24}},"24":{"start":{"line":32,"column":0},"end":{"line":38,"column":3}},"25":{"start":{"line":33,"column":2},"end":{"line":33,"column":64}},"26":{"start":{"line":34,"column":2},"end":{"line":34,"column":41}},"27":{"start":{"line":35,"column":2},"end":{"line":35,"column":70}},"28":{"start":{"line":36,"column":2},"end":{"line":36,"column":45}},"29":{"start":{"line":37,"column":2},"end":{"line":37,"column":9}},"30":{"start":{"line":41,"column":0},"end":{"line":41,"column":24}},"31":{"start":{"line":42,"column":0},"end":{"line":42,"column":33}},"32":{"start":{"line":44,"column":0},"end":{"line":58,"column":2}},"33":{"start":{"line":59,"column":0},"end":{"line":59,"column":23}},"34":{"start":{"line":60,"column":0},"end":{"line":60,"column":28}},"35":{"start":{"line":61,"column":0},"end":{"line":61,"column":27}},"36":{"start":{"line":63,"column":0},"end":{"line":63,"column":24}},"37":{"start":{"line":65,"column":0},"end":{"line":65,"column":28}},"38":{"start":{"line":66,"column":0},"end":{"line":66,"column":35}},"39":{"start":{"line":68,"column":0},"end":{"line":68,"column":68}},"40":{"start":{"line":68,"column":22},"end":{"line":68,"column":66}},"41":{"start":{"line":69,"column":0},"end":{"line":69,"column":22}},"42":{"start":{"line":72,"column":0},"end":{"line":77,"column":1}},"43":{"start":{"line":73,"column":25},"end":{"line":73,"column":57}},"44":{"start":{"line":74,"column":2},"end":{"line":74,"column":25}},"45":{"start":{"line":76,"column":2},"end":{"line":76,"column":64}},"46":{"start":{"line":79,"column":0},"end":{"line":79,"column":21}}},"fnMap":{"0":{"name":"(anonymous_0)","decl":{"start":{"line":32,"column":8},"end":{"line":32,"column":9}},"loc":{"start":{"line":32,"column":28},"end":{"line":38,"column":1}},"line":32},"1":{"name":"(anonymous_1)","decl":{"start":{"line":68,"column":8},"end":{"line":68,"column":9}},"loc":{"start":{"line":68,"column":22},"end":{"line":68,"column":66}},"line":68}},"branchMap":{},"s":{"0":0,"1":0,"2":0,"3":0,"4":0,"5":0,"6":0,"7":0,"8":0,"9":0,"10":0,"11":0,"12":0,"13":0,"14":0,"15":0,"16":0,"17":0,"18":0,"19":0,"20":0,"21":0,"22":0,"23":0,"24":0,"25":0,"26":0,"27":0,"28":0,"29":0,"30":0,"31":0,"32":0,"33":0,"34":0,"35":0,"36":0,"37":0,"38":0,"39":0,"40":0,"41":0,"42":0,"43":0,"44":0,"45":0,"46":0},"f":{"0":0,"1":0},"b":{}}
,"C:\\Users\\SHARON Otunga\\Desktop\\Project\\Bolt 1.1\\backend\\src\\config\\index.js": {"path":"C:\\Users\\SHARON Otunga\\Desktop\\Project\\Bolt 1.1\\backend\\src\\config\\index.js","statementMap":{"0":{"start":{"line":1,"column":15},"end":{"line":1,"column":32}},"1":{"start":{"line":2,"column":13},"end":{"line":2,"column":28}},"2":{"start":{"line":4,"column":0},"end":{"line":4,"column":63}},"3":{"start":{"line":6,"column":21},"end":{"line":6,"column":58}},"4":{"start":{"line":8,"column":23},"end":{"line":14,"column":89}},"5":{"start":{"line":16,"column":0},"end":{"line":33,"column":2}}},"fnMap":{},"branchMap":{"0":{"loc":{"start":{"line":8,"column":23},"end":{"line":14,"column":89}},"type":"cond-expr","locations":[{"start":{"line":9,"column":4},"end":{"line":13,"column":5}},{"start":{"line":14,"column":4},"end":{"line":14,"column":89}}],"line":8},"1":{"loc":{"start":{"line":17,"column":8},"end":{"line":17,"column":40}},"type":"binary-expr","locations":[{"start":{"line":17,"column":8},"end":{"line":17,"column":32}},{"start":{"line":17,"column":36},"end":{"line":17,"column":40}}],"line":17},"2":{"loc":{"start":{"line":18,"column":11},"end":{"line":18,"column":48}},"type":"binary-expr","locations":[{"start":{"line":18,"column":11},"end":{"line":18,"column":31}},{"start":{"line":18,"column":35},"end":{"line":18,"column":48}}],"line":18},"3":{"loc":{"start":{"line":21,"column":22},"end":{"line":21,"column":64}},"type":"binary-expr","locations":[{"start":{"line":21,"column":22},"end":{"line":21,"column":55}},{"start":{"line":21,"column":59},"end":{"line":21,"column":64}}],"line":21},"4":{"loc":{"start":{"line":22,"column":23},"end":{"line":22,"column":66}},"type":"binary-expr","locations":[{"start":{"line":22,"column":23},"end":{"line":22,"column":57}},{"start":{"line":22,"column":61},"end":{"line":22,"column":66}}],"line":22},"5":{"loc":{"start":{"line":23,"column":20},"end":{"line":23,"column":70}},"type":"binary-expr","locations":[{"start":{"line":23,"column":20},"end":{"line":23,"column":64}},{"start":{"line":23,"column":68},"end":{"line":23,"column":70}}],"line":23},"6":{"loc":{"start":{"line":25,"column":14},"end":{"line":25,"column":75}},"type":"binary-expr","locations":[{"start":{"line":25,"column":14},"end":{"line":25,"column":51}},{"start":{"line":25,"column":55},"end":{"line":25,"column":75}}],"line":25},"7":{"loc":{"start":{"line":26,"column":19},"end":{"line":26,"column":92}},"type":"binary-expr","locations":[{"start":{"line":26,"column":19},"end":{"line":26,"column":62}},{"start":{"line":26,"column":66},"end":{"line":26,"column":92}}],"line":26}},"s":{"0":0,"1":0,"2":0,"3":0,"4":0,"5":0},"f":{},"b":{"0":[0,0],"1":[0,0],"2":[0,0],"3":[0,0],"4":[0,0],"5":[0,0],"6":[0,0],"7":[0,0]}}
,"C:\\Users\\SHARON Otunga\\Desktop\\Project\\Bolt 1.1\\backend\\src\\config\\redis.js": {"path":"C:\\Users\\SHARON Otunga\\Desktop\\Project\\Bolt 1.1\\backend\\src\\config\\redis.js","statementMap":{"0":{"start":{"line":1,"column":14},"end":{"line":1,"column":32}},"1":{"start":{"line":3,"column":17},"end":{"line":3,"column":38}},"2":{"start":{"line":4,"column":0},"end":{"line":4,"column":71}},"3":{"start":{"line":6,"column":0},"end":{"line":33,"column":1}},"4":{"start":{"line":7,"column":2},"end":{"line":7,"column":69}},"5":{"start":{"line":8,"column":2},"end":{"line":8,"column":24}},"6":{"start":{"line":10,"column":16},"end":{"line":14,"column":4}},"7":{"start":{"line":16,"column":2},"end":{"line":18,"column":5}},"8":{"start":{"line":17,"column":4},"end":{"line":17,"column":35}},"9":{"start":{"line":20,"column":2},"end":{"line":22,"column":5}},"10":{"start":{"line":21,"column":4},"end":{"line":21,"column":31}},"11":{"start":{"line":24,"column":2},"end":{"line":26,"column":5}},"12":{"start":{"line":25,"column":4},"end":{"line":25,"column":74}},"13":{"start":{"line":28,"column":2},"end":{"line":30,"column":5}},"14":{"start":{"line":29,"column":4},"end":{"line":29,"column":86}},"15":{"start":{"line":32,"column":2},"end":{"line":32,"column":25}}},"fnMap":{"0":{"name":"(anonymous_0)","decl":{"start":{"line":16,"column":22},"end":{"line":16,"column":23}},"loc":{"start":{"line":16,"column":28},"end":{"line":18,"column":3}},"line":16},"1":{"name":"(anonymous_1)","decl":{"start":{"line":20,"column":20},"end":{"line":20,"column":21}},"loc":{"start":{"line":20,"column":26},"end":{"line":22,"column":3}},"line":20},"2":{"name":"(anonymous_2)","decl":{"start":{"line":24,"column":20},"end":{"line":24,"column":21}},"loc":{"start":{"line":24,"column":29},"end":{"line":26,"column":3}},"line":24},"3":{"name":"(anonymous_3)","decl":{"start":{"line":28,"column":24},"end":{"line":28,"column":25}},"loc":{"start":{"line":28,"column":33},"end":{"line":30,"column":3}},"line":28}},"branchMap":{"0":{"loc":{"start":{"line":4,"column":33},"end":{"line":4,"column":69}},"type":"cond-expr","locations":[{"start":{"line":4,"column":44},"end":{"line":4,"column":57}},{"start":{"line":4,"column":60},"end":{"line":4,"column":69}}],"line":4},"1":{"loc":{"start":{"line":6,"column":0},"end":{"line":33,"column":1}},"type":"if","locations":[{"start":{"line":6,"column":0},"end":{"line":33,"column":1}},{"start":{"line":9,"column":7},"end":{"line":33,"column":1}}],"line":6},"2":{"loc":{"start":{"line":25,"column":34},"end":{"line":25,"column":72}},"type":"cond-expr","locations":[{"start":{"line":25,"column":55},"end":{"line":25,"column":66}},{"start":{"line":25,"column":69},"end":{"line":25,"column":72}}],"line":25},"3":{"loc":{"start":{"line":25,"column":34},"end":{"line":25,"column":52}},"type":"binary-expr","locations":[{"start":{"line":25,"column":34},"end":{"line":25,"column":37}},{"start":{"line":25,"column":41},"end":{"line":25,"column":52}}],"line":25},"4":{"loc":{"start":{"line":29,"column":46},"end":{"line":29,"column":84}},"type":"cond-expr","locations":[{"start":{"line":29,"column":67},"end":{"line":29,"column":78}},{"start":{"line":29,"column":81},"end":{"line":29,"column":84}}],"line":29},"5":{"loc":{"start":{"line":29,"column":46},"end":{"line":29,"column":64}},"type":"binary-expr","locations":[{"start":{"line":29,"column":46},"end":{"line":29,"column":49}},{"start":{"line":29,"column":53},"end":{"line":29,"column":64}}],"line":29}},"s":{"0":0,"1":0,"2":0,"3":0,"4":0,"5":0,"6":0,"7":0,"8":0,"9":0,"10":0,"11":0,"12":0,"13":0,"14":0,"15":0},"f":{"0":0,"1":0,"2":0,"3":0},"b":{"0":[0,0],"1":[0,0],"2":[0,0],"3":[0,0],"4":[0,0],"5":[0,0]}}
,"C:\\Users\\SHARON Otunga\\Desktop\\Project\\Bolt 1.1\\backend\\src\\config\\validateEnv.js": {"path":"C:\\Users\\SHARON Otunga\\Desktop\\Project\\Bolt 1.1\\backend\\src\\config\\validateEnv.js","statementMap":{"0":{"start":{"line":1,"column":13},"end":{"line":1,"column":28}},"1":{"start":{"line":2,"column":15},"end":{"line":2,"column":32}},"2":{"start":{"line":4,"column":0},"end":{"line":4,"column":63}},"3":{"start":{"line":6,"column":20},"end":{"line":19,"column":1}},"4":{"start":{"line":7,"column":19},"end":{"line":12,"column":3}},"5":{"start":{"line":14,"column":2},"end":{"line":18,"column":5}},"6":{"start":{"line":15,"column":4},"end":{"line":17,"column":5}},"7":{"start":{"line":16,"column":6},"end":{"line":16,"column":54}},"8":{"start":{"line":21,"column":0},"end":{"line":21,"column":33}}},"fnMap":{"0":{"name":"(anonymous_0)","decl":{"start":{"line":6,"column":20},"end":{"line":6,"column":21}},"loc":{"start":{"line":6,"column":26},"end":{"line":19,"column":1}},"line":6},"1":{"name":"(anonymous_1)","decl":{"start":{"line":14,"column":19},"end":{"line":14,"column":20}},"loc":{"start":{"line":14,"column":28},"end":{"line":18,"column":3}},"line":14}},"branchMap":{"0":{"loc":{"start":{"line":15,"column":4},"end":{"line":17,"column":5}},"type":"if","locations":[{"start":{"line":15,"column":4},"end":{"line":17,"column":5}},{"start":{},"end":{}}],"line":15}},"s":{"0":0,"1":0,"2":0,"3":0,"4":0,"5":0,"6":0,"7":0,"8":0},"f":{"0":0,"1":0},"b":{"0":[0,0]}}
,"C:\\Users\\SHARON Otunga\\Desktop\\Project\\Bolt 1.1\\backend\\src\\constants\\errorCodes.js": {"path":"C:\\Users\\SHARON Otunga\\Desktop\\Project\\Bolt 1.1\\backend\\src\\constants\\errorCodes.js","statementMap":{"0":{"start":{"line":7,"column":15},"end":{"line":558,"column":1}},"1":{"start":{"line":560,"column":0},"end":{"line":560,"column":24}}},"fnMap":{},"branchMap":{},"s":{"0":0,"1":0},"f":{},"b":{}}
,"C:\\Users\\SHARON Otunga\\Desktop\\Project\\Bolt 1.1\\backend\\src\\controllers\\adminAuthController.js": {"path":"C:\\Users\\SHARON Otunga\\Desktop\\Project\\Bolt 1.1\\backend\\src\\controllers\\adminAuthController.js","statementMap":{"0":{"start":{"line":1,"column":15},"end":{"line":1,"column":32}},"1":{"start":{"line":2,"column":15},"end":{"line":2,"column":34}},"2":{"start":{"line":3,"column":15},"end":{"line":3,"column":32}},"3":{"start":{"line":4,"column":13},"end":{"line":4,"column":38}},"4":{"start":{"line":5,"column":21},"end":{"line":5,"column":54}},"5":{"start":{"line":6,"column":17},"end":{"line":6,"column":46}},"6":{"start":{"line":18,"column":4},"end":{"line":18,"column":38}},"7":{"start":{"line":19,"column":15},"end":{"line":19,"column":35}},"8":{"start":{"line":21,"column":26},"end":{"line":25,"column":1}},"9":{"start":{"line":22,"column":49},"end":{"line":22,"column":120}},"10":{"start":{"line":23,"column":51},"end":{"line":23,"column":106}},"11":{"start":{"line":24,"column":2},"end":{"line":24,"column":62}},"12":{"start":{"line":27,"column":14},"end":{"line":103,"column":1}},"13":{"start":{"line":28,"column":30},"end":{"line":28,"column":43}},"14":{"start":{"line":29,"column":15},"end":{"line":29,"column":44}},"15":{"start":{"line":30,"column":2},"end":{"line":32,"column":3}},"16":{"start":{"line":31,"column":4},"end":{"line":31,"column":113}},"17":{"start":{"line":34,"column":2},"end":{"line":36,"column":3}},"18":{"start":{"line":35,"column":4},"end":{"line":35,"column":141}},"19":{"start":{"line":38,"column":24},"end":{"line":38,"column":70}},"20":{"start":{"line":39,"column":2},"end":{"line":46,"column":3}},"21":{"start":{"line":40,"column":4},"end":{"line":40,"column":67}},"22":{"start":{"line":41,"column":4},"end":{"line":43,"column":5}},"23":{"start":{"line":42,"column":6},"end":{"line":42,"column":63}},"24":{"start":{"line":44,"column":4},"end":{"line":44,"column":22}},"25":{"start":{"line":45,"column":4},"end":{"line":45,"column":113}},"26":{"start":{"line":48,"column":2},"end":{"line":50,"column":3}},"27":{"start":{"line":49,"column":4},"end":{"line":49,"column":113}},"28":{"start":{"line":52,"column":2},"end":{"line":54,"column":3}},"29":{"start":{"line":53,"column":4},"end":{"line":53,"column":107}},"30":{"start":{"line":57,"column":2},"end":{"line":65,"column":3}},"31":{"start":{"line":58,"column":21},"end":{"line":58,"column":64}},"32":{"start":{"line":59,"column":4},"end":{"line":61,"column":5}},"33":{"start":{"line":60,"column":6},"end":{"line":60,"column":107}},"34":{"start":{"line":62,"column":19},"end":{"line":62,"column":33}},"35":{"start":{"line":63,"column":15},"end":{"line":63,"column":59}},"36":{"start":{"line":64,"column":4},"end":{"line":64,"column":112}},"37":{"start":{"line":64,"column":13},"end":{"line":64,"column":112}},"38":{"start":{"line":68,"column":2},"end":{"line":68,"column":31}},"39":{"start":{"line":69,"column":2},"end":{"line":69,"column":31}},"40":{"start":{"line":70,"column":2},"end":{"line":70,"column":20}},"41":{"start":{"line":72,"column":52},"end":{"line":72,"column":81}},"42":{"start":{"line":73,"column":2},"end":{"line":73,"column":63}},"43":{"start":{"line":76,"column":21},"end":{"line":76,"column":50}},"44":{"start":{"line":77,"column":22},"end":{"line":77,"column":57}},"45":{"start":{"line":78,"column":18},"end":{"line":89,"column":4}},"46":{"start":{"line":91,"column":2},"end":{"line":97,"column":5}},"47":{"start":{"line":99,"column":2},"end":{"line":99,"column":162}},"48":{"start":{"line":101,"column":23},"end":{"line":101,"column":71}},"49":{"start":{"line":102,"column":2},"end":{"line":102,"column":138}},"50":{"start":{"line":105,"column":16},"end":{"line":170,"column":1}},"51":{"start":{"line":106,"column":23},"end":{"line":106,"column":60}},"52":{"start":{"line":108,"column":2},"end":{"line":110,"column":3}},"53":{"start":{"line":109,"column":4},"end":{"line":109,"column":113}},"54":{"start":{"line":112,"column":2},"end":{"line":169,"column":3}},"55":{"start":{"line":113,"column":20},"end":{"line":113,"column":45}},"56":{"start":{"line":114,"column":4},"end":{"line":116,"column":5}},"57":{"start":{"line":115,"column":6},"end":{"line":115,"column":119}},"58":{"start":{"line":118,"column":17},"end":{"line":118,"column":68}},"59":{"start":{"line":119,"column":4},"end":{"line":121,"column":5}},"60":{"start":{"line":120,"column":6},"end":{"line":120,"column":109}},"61":{"start":{"line":123,"column":4},"end":{"line":125,"column":5}},"62":{"start":{"line":124,"column":6},"end":{"line":124,"column":115}},"63":{"start":{"line":127,"column":4},"end":{"line":129,"column":5}},"64":{"start":{"line":128,"column":6},"end":{"line":128,"column":107}},"65":{"start":{"line":131,"column":20},"end":{"line":131,"column":84}},"66":{"start":{"line":132,"column":4},"end":{"line":134,"column":5}},"67":{"start":{"line":133,"column":6},"end":{"line":133,"column":132}},"68":{"start":{"line":136,"column":71},"end":{"line":136,"column":100}},"69":{"start":{"line":137,"column":4},"end":{"line":137,"column":82}},"70":{"start":{"line":140,"column":4},"end":{"line":140,"column":125}},"71":{"start":{"line":141,"column":23},"end":{"line":141,"column":52}},"72":{"start":{"line":142,"column":24},"end":{"line":142,"column":62}},"73":{"start":{"line":143,"column":4},"end":{"line":154,"column":7}},"74":{"start":{"line":156,"column":4},"end":{"line":162,"column":7}},"75":{"start":{"line":164,"column":4},"end":{"line":164,"column":166}},"76":{"start":{"line":166,"column":4},"end":{"line":166,"column":120}},"77":{"start":{"line":168,"column":4},"end":{"line":168,"column":117}},"78":{"start":{"line":172,"column":15},"end":{"line":225,"column":1}},"79":{"start":{"line":173,"column":28},"end":{"line":173,"column":33}},"80":{"start":{"line":174,"column":23},"end":{"line":174,"column":60}},"81":{"start":{"line":176,"column":4},"end":{"line":193,"column":3}},"82":{"start":{"line":177,"column":4},"end":{"line":192,"column":5}},"83":{"start":{"line":178,"column":22},"end":{"line":178,"column":47}},"84":{"start":{"line":179,"column":6},"end":{"line":189,"column":7}},"85":{"start":{"line":180,"column":8},"end":{"line":180,"column":48}},"86":{"start":{"line":181,"column":21},"end":{"line":181,"column":52}},"87":{"start":{"line":182,"column":8},"end":{"line":186,"column":9}},"88":{"start":{"line":183,"column":10},"end":{"line":183,"column":33}},"89":{"start":{"line":184,"column":10},"end":{"line":184,"column":28}},"90":{"start":{"line":185,"column":10},"end":{"line":185,"column":37}},"91":{"start":{"line":188,"column":8},"end":{"line":188,"column":108}},"92":{"start":{"line":195,"column":21},"end":{"line":195,"column":46}},"93":{"start":{"line":196,"column":2},"end":{"line":213,"column":3}},"94":{"start":{"line":197,"column":24},"end":{"line":197,"column":48}},"95":{"start":{"line":198,"column":4},"end":{"line":212,"column":5}},"96":{"start":{"line":199,"column":22},"end":{"line":199,"column":46}},"97":{"start":{"line":200,"column":6},"end":{"line":202,"column":7}},"98":{"start":{"line":201,"column":8},"end":{"line":201,"column":61}},"99":{"start":{"line":203,"column":6},"end":{"line":209,"column":7}},"100":{"start":{"line":204,"column":21},"end":{"line":204,"column":52}},"101":{"start":{"line":205,"column":8},"end":{"line":208,"column":9}},"102":{"start":{"line":206,"column":10},"end":{"line":206,"column":33}},"103":{"start":{"line":207,"column":10},"end":{"line":207,"column":28}},"104":{"start":{"line":215,"column":2},"end":{"line":215,"column":189}},"105":{"start":{"line":217,"column":2},"end":{"line":222,"column":5}},"106":{"start":{"line":224,"column":2},"end":{"line":224,"column":89}},"107":{"start":{"line":227,"column":21},"end":{"line":230,"column":1}},"108":{"start":{"line":228,"column":19},"end":{"line":228,"column":121}},"109":{"start":{"line":229,"column":2},"end":{"line":229,"column":50}},"110":{"start":{"line":232,"column":22},"end":{"line":241,"column":1}},"111":{"start":{"line":233,"column":13},"end":{"line":233,"column":26}},"112":{"start":{"line":234,"column":18},"end":{"line":234,"column":79}},"113":{"start":{"line":235,"column":2},"end":{"line":235,"column":94}},"114":{"start":{"line":235,"column":16},"end":{"line":235,"column":94}},"115":{"start":{"line":236,"column":2},"end":{"line":236,"column":27}},"116":{"start":{"line":237,"column":2},"end":{"line":237,"column":23}},"117":{"start":{"line":238,"column":2},"end":{"line":238,"column":42}},"118":{"start":{"line":239,"column":2},"end":{"line":239,"column":178}},"119":{"start":{"line":240,"column":2},"end":{"line":240,"column":58}},"120":{"start":{"line":243,"column":26},"end":{"line":252,"column":1}},"121":{"start":{"line":244,"column":19},"end":{"line":244,"column":86}},"122":{"start":{"line":245,"column":2},"end":{"line":249,"column":3}},"123":{"start":{"line":246,"column":4},"end":{"line":246,"column":23}},"124":{"start":{"line":247,"column":4},"end":{"line":247,"column":38}},"125":{"start":{"line":248,"column":4},"end":{"line":248,"column":19}},"126":{"start":{"line":250,"column":2},"end":{"line":250,"column":184}},"127":{"start":{"line":251,"column":2},"end":{"line":251,"column":63}},"128":{"start":{"line":254,"column":11},"end":{"line":263,"column":1}},"129":{"start":{"line":255,"column":2},"end":{"line":257,"column":3}},"130":{"start":{"line":256,"column":4},"end":{"line":256,"column":105}},"131":{"start":{"line":258,"column":16},"end":{"line":258,"column":171}},"132":{"start":{"line":259,"column":2},"end":{"line":261,"column":3}},"133":{"start":{"line":260,"column":4},"end":{"line":260,"column":105}},"134":{"start":{"line":262,"column":2},"end":{"line":262,"column":108}},"135":{"start":{"line":265,"column":0},"end":{"line":265,"column":96}}},"fnMap":{"0":{"name":"(anonymous_0)","decl":{"start":{"line":21,"column":26},"end":{"line":21,"column":27}},"loc":{"start":{"line":21,"column":42},"end":{"line":25,"column":1}},"line":21},"1":{"name":"(anonymous_1)","decl":{"start":{"line":27,"column":14},"end":{"line":27,"column":15}},"loc":{"start":{"line":27,"column":34},"end":{"line":103,"column":1}},"line":27},"2":{"name":"(anonymous_2)","decl":{"start":{"line":105,"column":16},"end":{"line":105,"column":17}},"loc":{"start":{"line":105,"column":36},"end":{"line":170,"column":1}},"line":105},"3":{"name":"(anonymous_3)","decl":{"start":{"line":172,"column":15},"end":{"line":172,"column":16}},"loc":{"start":{"line":172,"column":35},"end":{"line":225,"column":1}},"line":172},"4":{"name":"(anonymous_4)","decl":{"start":{"line":227,"column":21},"end":{"line":227,"column":22}},"loc":{"start":{"line":227,"column":41},"end":{"line":230,"column":1}},"line":227},"5":{"name":"(anonymous_5)","decl":{"start":{"line":232,"column":22},"end":{"line":232,"column":23}},"loc":{"start":{"line":232,"column":42},"end":{"line":241,"column":1}},"line":232},"6":{"name":"(anonymous_6)","decl":{"start":{"line":243,"column":26},"end":{"line":243,"column":27}},"loc":{"start":{"line":243,"column":46},"end":{"line":252,"column":1}},"line":243},"7":{"name":"(anonymous_7)","decl":{"start":{"line":254,"column":11},"end":{"line":254,"column":12}},"loc":{"start":{"line":254,"column":31},"end":{"line":263,"column":1}},"line":254}},"branchMap":{"0":{"loc":{"start":{"line":30,"column":2},"end":{"line":32,"column":3}},"type":"if","locations":[{"start":{"line":30,"column":2},"end":{"line":32,"column":3}},{"start":{},"end":{}}],"line":30},"1":{"loc":{"start":{"line":34,"column":2},"end":{"line":36,"column":3}},"type":"if","locations":[{"start":{"line":34,"column":2},"end":{"line":36,"column":3}},{"start":{},"end":{}}],"line":34},"2":{"loc":{"start":{"line":34,"column":6},"end":{"line":34,"column":55}},"type":"binary-expr","locations":[{"start":{"line":34,"column":6},"end":{"line":34,"column":22}},{"start":{"line":34,"column":26},"end":{"line":34,"column":55}}],"line":34},"3":{"loc":{"start":{"line":39,"column":2},"end":{"line":46,"column":3}},"type":"if","locations":[{"start":{"line":39,"column":2},"end":{"line":46,"column":3}},{"start":{},"end":{}}],"line":39},"4":{"loc":{"start":{"line":40,"column":32},"end":{"line":40,"column":61}},"type":"binary-expr","locations":[{"start":{"line":40,"column":32},"end":{"line":40,"column":56}},{"start":{"line":40,"column":60},"end":{"line":40,"column":61}}],"line":40},"5":{"loc":{"start":{"line":41,"column":4},"end":{"line":43,"column":5}},"type":"if","locations":[{"start":{"line":41,"column":4},"end":{"line":43,"column":5}},{"start":{},"end":{}}],"line":41},"6":{"loc":{"start":{"line":48,"column":2},"end":{"line":50,"column":3}},"type":"if","locations":[{"start":{"line":48,"column":2},"end":{"line":50,"column":3}},{"start":{},"end":{}}],"line":48},"7":{"loc":{"start":{"line":48,"column":6},"end":{"line":48,"column":58}},"type":"binary-expr","locations":[{"start":{"line":48,"column":6},"end":{"line":48,"column":27}},{"start":{"line":48,"column":31},"end":{"line":48,"column":58}}],"line":48},"8":{"loc":{"start":{"line":52,"column":2},"end":{"line":54,"column":3}},"type":"if","locations":[{"start":{"line":52,"column":2},"end":{"line":54,"column":3}},{"start":{},"end":{}}],"line":52},"9":{"loc":{"start":{"line":52,"column":6},"end":{"line":52,"column":55}},"type":"binary-expr","locations":[{"start":{"line":52,"column":6},"end":{"line":52,"column":20}},{"start":{"line":52,"column":24},"end":{"line":52,"column":55}}],"line":52},"10":{"loc":{"start":{"line":57,"column":2},"end":{"line":65,"column":3}},"type":"if","locations":[{"start":{"line":57,"column":2},"end":{"line":65,"column":3}},{"start":{},"end":{}}],"line":57},"11":{"loc":{"start":{"line":58,"column":21},"end":{"line":58,"column":64}},"type":"binary-expr","locations":[{"start":{"line":58,"column":21},"end":{"line":58,"column":43}},{"start":{"line":58,"column":47},"end":{"line":58,"column":64}}],"line":58},"12":{"loc":{"start":{"line":59,"column":4},"end":{"line":61,"column":5}},"type":"if","locations":[{"start":{"line":59,"column":4},"end":{"line":61,"column":5}},{"start":{},"end":{}}],"line":59},"13":{"loc":{"start":{"line":64,"column":4},"end":{"line":64,"column":112}},"type":"if","locations":[{"start":{"line":64,"column":4},"end":{"line":64,"column":112}},{"start":{},"end":{}}],"line":64},"14":{"loc":{"start":{"line":84,"column":16},"end":{"line":84,"column":60}},"type":"binary-expr","locations":[{"start":{"line":84,"column":16},"end":{"line":84,"column":35}},{"start":{"line":84,"column":39},"end":{"line":84,"column":60}}],"line":84},"15":{"loc":{"start":{"line":108,"column":2},"end":{"line":110,"column":3}},"type":"if","locations":[{"start":{"line":108,"column":2},"end":{"line":110,"column":3}},{"start":{},"end":{}}],"line":108},"16":{"loc":{"start":{"line":114,"column":4},"end":{"line":116,"column":5}},"type":"if","locations":[{"start":{"line":114,"column":4},"end":{"line":116,"column":5}},{"start":{},"end":{}}],"line":114},"17":{"loc":{"start":{"line":119,"column":4},"end":{"line":121,"column":5}},"type":"if","locations":[{"start":{"line":119,"column":4},"end":{"line":121,"column":5}},{"start":{},"end":{}}],"line":119},"18":{"loc":{"start":{"line":119,"column":8},"end":{"line":119,"column":66}},"type":"binary-expr","locations":[{"start":{"line":119,"column":8},"end":{"line":119,"column":13}},{"start":{"line":119,"column":17},"end":{"line":119,"column":31}},{"start":{"line":119,"column":35},"end":{"line":119,"column":66}}],"line":119},"19":{"loc":{"start":{"line":123,"column":4},"end":{"line":125,"column":5}},"type":"if","locations":[{"start":{"line":123,"column":4},"end":{"line":125,"column":5}},{"start":{},"end":{}}],"line":123},"20":{"loc":{"start":{"line":123,"column":8},"end":{"line":123,"column":60}},"type":"binary-expr","locations":[{"start":{"line":123,"column":8},"end":{"line":123,"column":29}},{"start":{"line":123,"column":33},"end":{"line":123,"column":60}}],"line":123},"21":{"loc":{"start":{"line":127,"column":4},"end":{"line":129,"column":5}},"type":"if","locations":[{"start":{"line":127,"column":4},"end":{"line":129,"column":5}},{"start":{},"end":{}}],"line":127},"22":{"loc":{"start":{"line":132,"column":4},"end":{"line":134,"column":5}},"type":"if","locations":[{"start":{"line":132,"column":4},"end":{"line":134,"column":5}},{"start":{},"end":{}}],"line":132},"23":{"loc":{"start":{"line":149,"column":18},"end":{"line":149,"column":62}},"type":"binary-expr","locations":[{"start":{"line":149,"column":18},"end":{"line":149,"column":37}},{"start":{"line":149,"column":41},"end":{"line":149,"column":62}}],"line":149},"24":{"loc":{"start":{"line":176,"column":4},"end":{"line":193,"column":3}},"type":"if","locations":[{"start":{"line":176,"column":4},"end":{"line":193,"column":3}},{"start":{},"end":{}}],"line":176},"25":{"loc":{"start":{"line":179,"column":6},"end":{"line":189,"column":7}},"type":"if","locations":[{"start":{"line":179,"column":6},"end":{"line":189,"column":7}},{"start":{},"end":{}}],"line":179},"26":{"loc":{"start":{"line":182,"column":8},"end":{"line":186,"column":9}},"type":"if","locations":[{"start":{"line":182,"column":8},"end":{"line":186,"column":9}},{"start":{},"end":{}}],"line":182},"27":{"loc":{"start":{"line":196,"column":2},"end":{"line":213,"column":3}},"type":"if","locations":[{"start":{"line":196,"column":2},"end":{"line":213,"column":3}},{"start":{},"end":{}}],"line":196},"28":{"loc":{"start":{"line":196,"column":6},"end":{"line":196,"column":52}},"type":"binary-expr","locations":[{"start":{"line":196,"column":6},"end":{"line":196,"column":16}},{"start":{"line":196,"column":20},"end":{"line":196,"column":52}}],"line":196},"29":{"loc":{"start":{"line":200,"column":6},"end":{"line":202,"column":7}},"type":"if","locations":[{"start":{"line":200,"column":6},"end":{"line":202,"column":7}},{"start":{},"end":{}}],"line":200},"30":{"loc":{"start":{"line":203,"column":6},"end":{"line":209,"column":7}},"type":"if","locations":[{"start":{"line":203,"column":6},"end":{"line":209,"column":7}},{"start":{},"end":{}}],"line":203},"31":{"loc":{"start":{"line":205,"column":8},"end":{"line":208,"column":9}},"type":"if","locations":[{"start":{"line":205,"column":8},"end":{"line":208,"column":9}},{"start":{},"end":{}}],"line":205},"32":{"loc":{"start":{"line":215,"column":35},"end":{"line":215,"column":55}},"type":"binary-expr","locations":[{"start":{"line":215,"column":35},"end":{"line":215,"column":47}},{"start":{"line":215,"column":51},"end":{"line":215,"column":55}}],"line":215},"33":{"loc":{"start":{"line":215,"column":112},"end":{"line":215,"column":132}},"type":"binary-expr","locations":[{"start":{"line":215,"column":112},"end":{"line":215,"column":124}},{"start":{"line":215,"column":128},"end":{"line":215,"column":132}}],"line":215},"34":{"loc":{"start":{"line":235,"column":2},"end":{"line":235,"column":94}},"type":"if","locations":[{"start":{"line":235,"column":2},"end":{"line":235,"column":94}},{"start":{},"end":{}}],"line":235},"35":{"loc":{"start":{"line":255,"column":2},"end":{"line":257,"column":3}},"type":"if","locations":[{"start":{"line":255,"column":2},"end":{"line":257,"column":3}},{"start":{},"end":{}}],"line":255},"36":{"loc":{"start":{"line":259,"column":2},"end":{"line":261,"column":3}},"type":"if","locations":[{"start":{"line":259,"column":2},"end":{"line":261,"column":3}},{"start":{},"end":{}}],"line":259}},"s":{"0":0,"1":0,"2":0,"3":0,"4":0,"5":0,"6":0,"7":0,"8":0,"9":0,"10":0,"11":0,"12":0,"13":0,"14":0,"15":0,"16":0,"17":0,"18":0,"19":0,"20":0,"21":0,"22":0,"23":0,"24":0,"25":0,"26":0,"27":0,"28":0,"29":0,"30":0,"31":0,"32":0,"33":0,"34":0,"35":0,"36":0,"37":0,"38":0,"39":0,"40":0,"41":0,"42":0,"43":0,"44":0,"45":0,"46":0,"47":0,"48":0,"49":0,"50":0,"51":0,"52":0,"53":0,"54":0,"55":0,"56":0,"57":0,"58":0,"59":0,"60":0,"61":0,"62":0,"63":0,"64":0,"65":0,"66":0,"67":0,"68":0,"69":0,"70":0,"71":0,"72":0,"73":0,"74":0,"75":0,"76":0,"77":0,"78":0,"79":0,"80":0,"81":0,"82":0,"83":0,"84":0,"85":0,"86":0,"87":0,"88":0,"89":0,"90":0,"91":0,"92":0,"93":0,"94":0,"95":0,"96":0,"97":0,"98":0,"99":0,"100":0,"101":0,"102":0,"103":0,"104":0,"105":0,"106":0,"107":0,"108":0,"109":0,"110":0,"111":0,"112":0,"113":0,"114":0,"115":0,"116":0,"117":0,"118":0,"119":0,"120":0,"121":0,"122":0,"123":0,"124":0,"125":0,"126":0,"127":0,"128":0,"129":0,"130":0,"131":0,"132":0,"133":0,"134":0,"135":0},"f":{"0":0,"1":0,"2":0,"3":0,"4":0,"5":0,"6":0,"7":0},"b":{"0":[0,0],"1":[0,0],"2":[0,0],"3":[0,0],"4":[0,0],"5":[0,0],"6":[0,0],"7":[0,0],"8":[0,0],"9":[0,0],"10":[0,0],"11":[0,0],"12":[0,0],"13":[0,0],"14":[0,0],"15":[0,0],"16":[0,0],"17":[0,0],"18":[0,0,0],"19":[0,0],"20":[0,0],"21":[0,0],"22":[0,0],"23":[0,0],"24":[0,0],"25":[0,0],"26":[0,0],"27":[0,0],"28":[0,0],"29":[0,0],"30":[0,0],"31":[0,0],"32":[0,0],"33":[0,0],"34":[0,0],"35":[0,0],"36":[0,0]}}
,"C:\\Users\\SHARON Otunga\\Desktop\\Project\\Bolt 1.1\\backend\\src\\controllers\\adminController.js": {"path":"C:\\Users\\SHARON Otunga\\Desktop\\Project\\Bolt 1.1\\backend\\src\\controllers\\adminController.js","statementMap":{"0":{"start":{"line":1,"column":21},"end":{"line":1,"column":56}},"1":{"start":{"line":2,"column":17},"end":{"line":2,"column":46}},"2":{"start":{"line":4,"column":14},"end":{"line":6,"column":1}},"3":{"start":{"line":5,"column":2},"end":{"line":5,"column":89}},"4":{"start":{"line":8,"column":21},"end":{"line":12,"column":1}},"5":{"start":{"line":9,"column":16},"end":{"line":9,"column":49}},"6":{"start":{"line":10,"column":2},"end":{"line":10,"column":142}},"7":{"start":{"line":11,"column":2},"end":{"line":11,"column":22}},"8":{"start":{"line":14,"column":24},"end":{"line":23,"column":1}},"9":{"start":{"line":15,"column":2},"end":{"line":22,"column":3}},"10":{"start":{"line":16,"column":20},"end":{"line":16,"column":104}},"11":{"start":{"line":17,"column":4},"end":{"line":17,"column":183}},"12":{"start":{"line":18,"column":4},"end":{"line":18,"column":48}},"13":{"start":{"line":18,"column":18},"end":{"line":18,"column":48}},"14":{"start":{"line":19,"column":4},"end":{"line":19,"column":26}},"15":{"start":{"line":21,"column":4},"end":{"line":21,"column":93}},"16":{"start":{"line":25,"column":25},"end":{"line":34,"column":1}},"17":{"start":{"line":26,"column":2},"end":{"line":33,"column":3}},"18":{"start":{"line":27,"column":21},"end":{"line":27,"column":106}},"19":{"start":{"line":28,"column":4},"end":{"line":28,"column":185}},"20":{"start":{"line":29,"column":4},"end":{"line":29,"column":49}},"21":{"start":{"line":29,"column":19},"end":{"line":29,"column":49}},"22":{"start":{"line":30,"column":4},"end":{"line":30,"column":27}},"23":{"start":{"line":32,"column":4},"end":{"line":32,"column":94}},"24":{"start":{"line":36,"column":22},"end":{"line":39,"column":1}},"25":{"start":{"line":37,"column":2},"end":{"line":37,"column":31}},"26":{"start":{"line":38,"column":2},"end":{"line":38,"column":35}},"27":{"start":{"line":41,"column":23},"end":{"line":44,"column":1}},"28":{"start":{"line":42,"column":2},"end":{"line":42,"column":31}},"29":{"start":{"line":43,"column":2},"end":{"line":43,"column":36}},"30":{"start":{"line":46,"column":19},"end":{"line":54,"column":1}},"31":{"start":{"line":47,"column":2},"end":{"line":53,"column":3}},"32":{"start":{"line":48,"column":17},"end":{"line":48,"column":96}},"33":{"start":{"line":49,"column":4},"end":{"line":49,"column":177}},"34":{"start":{"line":50,"column":4},"end":{"line":50,"column":23}},"35":{"start":{"line":52,"column":4},"end":{"line":52,"column":90}},"36":{"start":{"line":56,"column":21},"end":{"line":64,"column":1}},"37":{"start":{"line":57,"column":2},"end":{"line":63,"column":3}},"38":{"start":{"line":58,"column":4},"end":{"line":58,"column":59}},"39":{"start":{"line":59,"column":4},"end":{"line":59,"column":167}},"40":{"start":{"line":60,"column":4},"end":{"line":60,"column":27}},"41":{"start":{"line":62,"column":4},"end":{"line":62,"column":92}},"42":{"start":{"line":66,"column":23},"end":{"line":69,"column":1}},"43":{"start":{"line":67,"column":2},"end":{"line":67,"column":191}},"44":{"start":{"line":68,"column":2},"end":{"line":68,"column":57}},"45":{"start":{"line":71,"column":18},"end":{"line":74,"column":1}},"46":{"start":{"line":72,"column":2},"end":{"line":72,"column":190}},"47":{"start":{"line":73,"column":2},"end":{"line":73,"column":62}},"48":{"start":{"line":76,"column":25},"end":{"line":79,"column":1}},"49":{"start":{"line":77,"column":2},"end":{"line":77,"column":142}},"50":{"start":{"line":78,"column":2},"end":{"line":78,"column":44}},"51":{"start":{"line":81,"column":0},"end":{"line":290,"column":2}},"52":{"start":{"line":94,"column":19},"end":{"line":94,"column":118}},"53":{"start":{"line":95,"column":4},"end":{"line":95,"column":155}},"54":{"start":{"line":96,"column":4},"end":{"line":96,"column":25}},"55":{"start":{"line":99,"column":15},"end":{"line":99,"column":28}},"56":{"start":{"line":100,"column":17},"end":{"line":100,"column":42}},"57":{"start":{"line":101,"column":18},"end":{"line":101,"column":41}},"58":{"start":{"line":102,"column":4},"end":{"line":102,"column":74}},"59":{"start":{"line":102,"column":16},"end":{"line":102,"column":74}},"60":{"start":{"line":103,"column":4},"end":{"line":103,"column":28}},"61":{"start":{"line":104,"column":4},"end":{"line":104,"column":23}},"62":{"start":{"line":105,"column":4},"end":{"line":105,"column":172}},"63":{"start":{"line":106,"column":4},"end":{"line":106,"column":44}},"64":{"start":{"line":109,"column":15},"end":{"line":109,"column":28}},"65":{"start":{"line":110,"column":23},"end":{"line":110,"column":31}},"66":{"start":{"line":111,"column":17},"end":{"line":111,"column":42}},"67":{"start":{"line":112,"column":18},"end":{"line":112,"column":41}},"68":{"start":{"line":113,"column":4},"end":{"line":113,"column":74}},"69":{"start":{"line":113,"column":16},"end":{"line":113,"column":74}},"70":{"start":{"line":114,"column":4},"end":{"line":114,"column":26}},"71":{"start":{"line":115,"column":4},"end":{"line":115,"column":23}},"72":{"start":{"line":116,"column":26},"end":{"line":116,"column":64}},"73":{"start":{"line":117,"column":4},"end":{"line":117,"column":46}},"74":{"start":{"line":118,"column":4},"end":{"line":118,"column":176}},"75":{"start":{"line":119,"column":4},"end":{"line":119,"column":50}},"76":{"start":{"line":122,"column":15},"end":{"line":122,"column":28}},"77":{"start":{"line":123,"column":17},"end":{"line":123,"column":42}},"78":{"start":{"line":124,"column":18},"end":{"line":124,"column":41}},"79":{"start":{"line":125,"column":4},"end":{"line":125,"column":74}},"80":{"start":{"line":125,"column":16},"end":{"line":125,"column":74}},"81":{"start":{"line":126,"column":4},"end":{"line":126,"column":29}},"82":{"start":{"line":127,"column":4},"end":{"line":127,"column":29}},"83":{"start":{"line":128,"column":4},"end":{"line":128,"column":23}},"84":{"start":{"line":129,"column":4},"end":{"line":129,"column":173}},"85":{"start":{"line":130,"column":4},"end":{"line":130,"column":45}},"86":{"start":{"line":134,"column":21},"end":{"line":134,"column":50}},"87":{"start":{"line":135,"column":21},"end":{"line":135,"column":75}},"88":{"start":{"line":136,"column":4},"end":{"line":136,"column":148}},"89":{"start":{"line":137,"column":4},"end":{"line":137,"column":27}},"90":{"start":{"line":140,"column":15},"end":{"line":140,"column":28}},"91":{"start":{"line":141,"column":21},"end":{"line":141,"column":50}},"92":{"start":{"line":142,"column":17},"end":{"line":142,"column":44}},"93":{"start":{"line":143,"column":4},"end":{"line":143,"column":76}},"94":{"start":{"line":143,"column":15},"end":{"line":143,"column":76}},"95":{"start":{"line":144,"column":4},"end":{"line":144,"column":34}},"96":{"start":{"line":145,"column":4},"end":{"line":145,"column":27}},"97":{"start":{"line":146,"column":4},"end":{"line":146,"column":90}},"98":{"start":{"line":147,"column":4},"end":{"line":147,"column":36}},"99":{"start":{"line":148,"column":4},"end":{"line":148,"column":22}},"100":{"start":{"line":149,"column":4},"end":{"line":149,"column":158}},"101":{"start":{"line":150,"column":4},"end":{"line":150,"column":60}},"102":{"start":{"line":153,"column":15},"end":{"line":153,"column":28}},"103":{"start":{"line":154,"column":21},"end":{"line":154,"column":50}},"104":{"start":{"line":155,"column":17},"end":{"line":155,"column":44}},"105":{"start":{"line":156,"column":4},"end":{"line":156,"column":76}},"106":{"start":{"line":156,"column":15},"end":{"line":156,"column":76}},"107":{"start":{"line":157,"column":4},"end":{"line":157,"column":34}},"108":{"start":{"line":158,"column":4},"end":{"line":158,"column":28}},"109":{"start":{"line":159,"column":4},"end":{"line":159,"column":38}},"110":{"start":{"line":160,"column":4},"end":{"line":160,"column":22}},"111":{"start":{"line":161,"column":4},"end":{"line":161,"column":157}},"112":{"start":{"line":162,"column":4},"end":{"line":162,"column":44}},"113":{"start":{"line":165,"column":15},"end":{"line":165,"column":28}},"114":{"start":{"line":166,"column":21},"end":{"line":166,"column":50}},"115":{"start":{"line":167,"column":17},"end":{"line":167,"column":44}},"116":{"start":{"line":168,"column":4},"end":{"line":168,"column":76}},"117":{"start":{"line":168,"column":15},"end":{"line":168,"column":76}},"118":{"start":{"line":169,"column":4},"end":{"line":169,"column":27}},"119":{"start":{"line":170,"column":4},"end":{"line":170,"column":22}},"120":{"start":{"line":171,"column":4},"end":{"line":171,"column":160}},"121":{"start":{"line":172,"column":4},"end":{"line":172,"column":47}},"122":{"start":{"line":175,"column":15},"end":{"line":175,"column":28}},"123":{"start":{"line":176,"column":23},"end":{"line":176,"column":54}},"124":{"start":{"line":177,"column":23},"end":{"line":177,"column":52}},"125":{"start":{"line":178,"column":4},"end":{"line":178,"column":84}},"126":{"start":{"line":178,"column":21},"end":{"line":178,"column":84}},"127":{"start":{"line":179,"column":4},"end":{"line":179,"column":33}},"128":{"start":{"line":180,"column":4},"end":{"line":180,"column":28}},"129":{"start":{"line":181,"column":4},"end":{"line":181,"column":164}},"130":{"start":{"line":182,"column":4},"end":{"line":182,"column":49}},"131":{"start":{"line":185,"column":4},"end":{"line":207,"column":5}},"132":{"start":{"line":186,"column":17},"end":{"line":186,"column":30}},"133":{"start":{"line":187,"column":19},"end":{"line":187,"column":44}},"134":{"start":{"line":188,"column":19},"end":{"line":188,"column":42}},"135":{"start":{"line":189,"column":6},"end":{"line":189,"column":74}},"136":{"start":{"line":189,"column":17},"end":{"line":189,"column":74}},"137":{"start":{"line":190,"column":6},"end":{"line":192,"column":7}},"138":{"start":{"line":191,"column":8},"end":{"line":191,"column":99}},"139":{"start":{"line":193,"column":6},"end":{"line":195,"column":7}},"140":{"start":{"line":194,"column":8},"end":{"line":194,"column":108}},"141":{"start":{"line":196,"column":6},"end":{"line":196,"column":37}},"142":{"start":{"line":197,"column":6},"end":{"line":197,"column":35}},"143":{"start":{"line":198,"column":6},"end":{"line":198,"column":36}},"144":{"start":{"line":199,"column":6},"end":{"line":199,"column":60}},"145":{"start":{"line":200,"column":6},"end":{"line":200,"column":53}},"146":{"start":{"line":201,"column":6},"end":{"line":201,"column":54}},"147":{"start":{"line":202,"column":6},"end":{"line":202,"column":24}},"148":{"start":{"line":203,"column":6},"end":{"line":203,"column":114}},"149":{"start":{"line":204,"column":6},"end":{"line":204,"column":52}},"150":{"start":{"line":206,"column":6},"end":{"line":206,"column":51}},"151":{"start":{"line":210,"column":4},"end":{"line":217,"column":5}},"152":{"start":{"line":211,"column":19},"end":{"line":211,"column":44}},"153":{"start":{"line":212,"column":19},"end":{"line":212,"column":131}},"154":{"start":{"line":213,"column":6},"end":{"line":213,"column":147}},"155":{"start":{"line":214,"column":6},"end":{"line":214,"column":34}},"156":{"start":{"line":216,"column":6},"end":{"line":216,"column":51}},"157":{"start":{"line":220,"column":4},"end":{"line":244,"column":5}},"158":{"start":{"line":221,"column":17},"end":{"line":221,"column":30}},"159":{"start":{"line":222,"column":34},"end":{"line":222,"column":42}},"160":{"start":{"line":223,"column":19},"end":{"line":223,"column":44}},"161":{"start":{"line":224,"column":19},"end":{"line":224,"column":42}},"162":{"start":{"line":225,"column":6},"end":{"line":225,"column":74}},"163":{"start":{"line":225,"column":17},"end":{"line":225,"column":74}},"164":{"start":{"line":226,"column":6},"end":{"line":228,"column":7}},"165":{"start":{"line":227,"column":8},"end":{"line":227,"column":92}},"166":{"start":{"line":229,"column":6},"end":{"line":231,"column":7}},"167":{"start":{"line":230,"column":8},"end":{"line":230,"column":118}},"168":{"start":{"line":232,"column":6},"end":{"line":232,"column":37}},"169":{"start":{"line":233,"column":6},"end":{"line":233,"column":35}},"170":{"start":{"line":234,"column":6},"end":{"line":234,"column":68}},"171":{"start":{"line":235,"column":6},"end":{"line":235,"column":60}},"172":{"start":{"line":236,"column":6},"end":{"line":236,"column":53}},"173":{"start":{"line":237,"column":6},"end":{"line":237,"column":54}},"174":{"start":{"line":238,"column":6},"end":{"line":238,"column":68}},"175":{"start":{"line":239,"column":6},"end":{"line":239,"column":24}},"176":{"start":{"line":240,"column":6},"end":{"line":240,"column":166}},"177":{"start":{"line":241,"column":6},"end":{"line":241,"column":91}},"178":{"start":{"line":243,"column":6},"end":{"line":243,"column":51}},"179":{"start":{"line":247,"column":15},"end":{"line":247,"column":28}},"180":{"start":{"line":248,"column":23},"end":{"line":248,"column":54}},"181":{"start":{"line":249,"column":23},"end":{"line":249,"column":52}},"182":{"start":{"line":250,"column":4},"end":{"line":250,"column":84}},"183":{"start":{"line":250,"column":21},"end":{"line":250,"column":84}},"184":{"start":{"line":251,"column":4},"end":{"line":251,"column":32}},"185":{"start":{"line":252,"column":4},"end":{"line":252,"column":28}},"186":{"start":{"line":253,"column":4},"end":{"line":253,"column":165}},"187":{"start":{"line":254,"column":4},"end":{"line":254,"column":50}},"188":{"start":{"line":257,"column":15},"end":{"line":257,"column":28}},"189":{"start":{"line":258,"column":27},"end":{"line":258,"column":61}},"190":{"start":{"line":259,"column":4},"end":{"line":265,"column":5}},"191":{"start":{"line":260,"column":6},"end":{"line":260,"column":55}},"192":{"start":{"line":261,"column":6},"end":{"line":261,"column":154}},"193":{"start":{"line":262,"column":6},"end":{"line":262,"column":29}},"194":{"start":{"line":264,"column":6},"end":{"line":264,"column":51}},"195":{"start":{"line":268,"column":30},"end":{"line":268,"column":68}},"196":{"start":{"line":269,"column":17},"end":{"line":269,"column":81}},"197":{"start":{"line":270,"column":4},"end":{"line":270,"column":163}},"198":{"start":{"line":271,"column":4},"end":{"line":271,"column":38}},"199":{"start":{"line":274,"column":48},"end":{"line":274,"column":56}},"200":{"start":{"line":275,"column":33},"end":{"line":275,"column":75}},"201":{"start":{"line":276,"column":4},"end":{"line":276,"column":103}},"202":{"start":{"line":276,"column":31},"end":{"line":276,"column":103}},"203":{"start":{"line":277,"column":16},"end":{"line":277,"column":78}},"204":{"start":{"line":278,"column":4},"end":{"line":278,"column":178}},"205":{"start":{"line":279,"column":4},"end":{"line":279,"column":36}},"206":{"start":{"line":282,"column":26},"end":{"line":282,"column":69}},"207":{"start":{"line":283,"column":18},"end":{"line":283,"column":50}},"208":{"start":{"line":284,"column":24},"end":{"line":284,"column":62}},"209":{"start":{"line":285,"column":23},"end":{"line":285,"column":63}},"210":{"start":{"line":286,"column":27},"end":{"line":286,"column":63}},"211":{"start":{"line":287,"column":4},"end":{"line":287,"column":154}},"212":{"start":{"line":288,"column":4},"end":{"line":288,"column":126}}},"fnMap":{"0":{"name":"(anonymous_0)","decl":{"start":{"line":4,"column":14},"end":{"line":4,"column":15}},"loc":{"start":{"line":4,"column":89},"end":{"line":6,"column":1}},"line":4},"1":{"name":"(anonymous_1)","decl":{"start":{"line":8,"column":21},"end":{"line":8,"column":22}},"loc":{"start":{"line":8,"column":41},"end":{"line":12,"column":1}},"line":8},"2":{"name":"(anonymous_2)","decl":{"start":{"line":14,"column":24},"end":{"line":14,"column":25}},"loc":{"start":{"line":14,"column":44},"end":{"line":23,"column":1}},"line":14},"3":{"name":"(anonymous_3)","decl":{"start":{"line":25,"column":25},"end":{"line":25,"column":26}},"loc":{"start":{"line":25,"column":45},"end":{"line":34,"column":1}},"line":25},"4":{"name":"(anonymous_4)","decl":{"start":{"line":36,"column":22},"end":{"line":36,"column":23}},"loc":{"start":{"line":36,"column":42},"end":{"line":39,"column":1}},"line":36},"5":{"name":"(anonymous_5)","decl":{"start":{"line":41,"column":23},"end":{"line":41,"column":24}},"loc":{"start":{"line":41,"column":43},"end":{"line":44,"column":1}},"line":41},"6":{"name":"(anonymous_6)","decl":{"start":{"line":46,"column":19},"end":{"line":46,"column":20}},"loc":{"start":{"line":46,"column":39},"end":{"line":54,"column":1}},"line":46},"7":{"name":"(anonymous_7)","decl":{"start":{"line":56,"column":21},"end":{"line":56,"column":22}},"loc":{"start":{"line":56,"column":41},"end":{"line":64,"column":1}},"line":56},"8":{"name":"(anonymous_8)","decl":{"start":{"line":66,"column":23},"end":{"line":66,"column":24}},"loc":{"start":{"line":66,"column":43},"end":{"line":69,"column":1}},"line":66},"9":{"name":"(anonymous_9)","decl":{"start":{"line":71,"column":18},"end":{"line":71,"column":19}},"loc":{"start":{"line":71,"column":38},"end":{"line":74,"column":1}},"line":71},"10":{"name":"(anonymous_10)","decl":{"start":{"line":76,"column":25},"end":{"line":76,"column":26}},"loc":{"start":{"line":76,"column":45},"end":{"line":79,"column":1}},"line":76},"11":{"name":"(anonymous_11)","decl":{"start":{"line":93,"column":22},"end":{"line":93,"column":23}},"loc":{"start":{"line":93,"column":42},"end":{"line":97,"column":3}},"line":93},"12":{"name":"(anonymous_12)","decl":{"start":{"line":98,"column":23},"end":{"line":98,"column":24}},"loc":{"start":{"line":98,"column":43},"end":{"line":107,"column":3}},"line":98},"13":{"name":"(anonymous_13)","decl":{"start":{"line":108,"column":21},"end":{"line":108,"column":22}},"loc":{"start":{"line":108,"column":41},"end":{"line":120,"column":3}},"line":108},"14":{"name":"(anonymous_14)","decl":{"start":{"line":121,"column":16},"end":{"line":121,"column":17}},"loc":{"start":{"line":121,"column":36},"end":{"line":131,"column":3}},"line":121},"15":{"name":"(anonymous_15)","decl":{"start":{"line":133,"column":20},"end":{"line":133,"column":21}},"loc":{"start":{"line":133,"column":40},"end":{"line":138,"column":3}},"line":133},"16":{"name":"(anonymous_16)","decl":{"start":{"line":139,"column":16},"end":{"line":139,"column":17}},"loc":{"start":{"line":139,"column":36},"end":{"line":151,"column":3}},"line":139},"17":{"name":"(anonymous_17)","decl":{"start":{"line":152,"column":15},"end":{"line":152,"column":16}},"loc":{"start":{"line":152,"column":35},"end":{"line":163,"column":3}},"line":152},"18":{"name":"(anonymous_18)","decl":{"start":{"line":164,"column":18},"end":{"line":164,"column":19}},"loc":{"start":{"line":164,"column":38},"end":{"line":173,"column":3}},"line":164},"19":{"name":"(anonymous_19)","decl":{"start":{"line":174,"column":20},"end":{"line":174,"column":21}},"loc":{"start":{"line":174,"column":40},"end":{"line":183,"column":3}},"line":174},"20":{"name":"(anonymous_20)","decl":{"start":{"line":184,"column":17},"end":{"line":184,"column":18}},"loc":{"start":{"line":184,"column":37},"end":{"line":208,"column":3}},"line":184},"21":{"name":"(anonymous_21)","decl":{"start":{"line":209,"column":22},"end":{"line":209,"column":23}},"loc":{"start":{"line":209,"column":42},"end":{"line":218,"column":3}},"line":209},"22":{"name":"(anonymous_22)","decl":{"start":{"line":219,"column":16},"end":{"line":219,"column":17}},"loc":{"start":{"line":219,"column":36},"end":{"line":245,"column":3}},"line":219},"23":{"name":"(anonymous_23)","decl":{"start":{"line":246,"column":21},"end":{"line":246,"column":22}},"loc":{"start":{"line":246,"column":41},"end":{"line":255,"column":3}},"line":246},"24":{"name":"(anonymous_24)","decl":{"start":{"line":256,"column":21},"end":{"line":256,"column":22}},"loc":{"start":{"line":256,"column":41},"end":{"line":266,"column":3}},"line":256},"25":{"name":"(anonymous_25)","decl":{"start":{"line":267,"column":25},"end":{"line":267,"column":26}},"loc":{"start":{"line":267,"column":45},"end":{"line":272,"column":3}},"line":267},"26":{"name":"(anonymous_26)","decl":{"start":{"line":273,"column":20},"end":{"line":273,"column":21}},"loc":{"start":{"line":273,"column":40},"end":{"line":280,"column":3}},"line":273},"27":{"name":"(anonymous_27)","decl":{"start":{"line":281,"column":20},"end":{"line":281,"column":21}},"loc":{"start":{"line":281,"column":40},"end":{"line":289,"column":3}},"line":281}},"branchMap":{"0":{"loc":{"start":{"line":18,"column":4},"end":{"line":18,"column":48}},"type":"if","locations":[{"start":{"line":18,"column":4},"end":{"line":18,"column":48}},{"start":{},"end":{}}],"line":18},"1":{"loc":{"start":{"line":21,"column":15},"end":{"line":21,"column":62}},"type":"cond-expr","locations":[{"start":{"line":21,"column":53},"end":{"line":21,"column":56}},{"start":{"line":21,"column":59},"end":{"line":21,"column":62}}],"line":21},"2":{"loc":{"start":{"line":29,"column":4},"end":{"line":29,"column":49}},"type":"if","locations":[{"start":{"line":29,"column":4},"end":{"line":29,"column":49}},{"start":{},"end":{}}],"line":29},"3":{"loc":{"start":{"line":32,"column":15},"end":{"line":32,"column":63}},"type":"cond-expr","locations":[{"start":{"line":32,"column":54},"end":{"line":32,"column":57}},{"start":{"line":32,"column":60},"end":{"line":32,"column":63}}],"line":32},"4":{"loc":{"start":{"line":52,"column":15},"end":{"line":52,"column":59}},"type":"cond-expr","locations":[{"start":{"line":52,"column":50},"end":{"line":52,"column":53}},{"start":{"line":52,"column":56},"end":{"line":52,"column":59}}],"line":52},"5":{"loc":{"start":{"line":62,"column":15},"end":{"line":62,"column":61}},"type":"cond-expr","locations":[{"start":{"line":62,"column":52},"end":{"line":62,"column":55}},{"start":{"line":62,"column":58},"end":{"line":62,"column":61}}],"line":62},"6":{"loc":{"start":{"line":67,"column":113},"end":{"line":67,"column":134}},"type":"binary-expr","locations":[{"start":{"line":67,"column":113},"end":{"line":67,"column":126}},{"start":{"line":67,"column":130},"end":{"line":67,"column":134}}],"line":67},"7":{"loc":{"start":{"line":72,"column":112},"end":{"line":72,"column":133}},"type":"binary-expr","locations":[{"start":{"line":72,"column":112},"end":{"line":72,"column":125}},{"start":{"line":72,"column":129},"end":{"line":72,"column":133}}],"line":72},"8":{"loc":{"start":{"line":102,"column":4},"end":{"line":102,"column":74}},"type":"if","locations":[{"start":{"line":102,"column":4},"end":{"line":102,"column":74}},{"start":{},"end":{}}],"line":102},"9":{"loc":{"start":{"line":113,"column":4},"end":{"line":113,"column":74}},"type":"if","locations":[{"start":{"line":113,"column":4},"end":{"line":113,"column":74}},{"start":{},"end":{}}],"line":113},"10":{"loc":{"start":{"line":125,"column":4},"end":{"line":125,"column":74}},"type":"if","locations":[{"start":{"line":125,"column":4},"end":{"line":125,"column":74}},{"start":{},"end":{}}],"line":125},"11":{"loc":{"start":{"line":143,"column":4},"end":{"line":143,"column":76}},"type":"if","locations":[{"start":{"line":143,"column":4},"end":{"line":143,"column":76}},{"start":{},"end":{}}],"line":143},"12":{"loc":{"start":{"line":146,"column":25},"end":{"line":146,"column":89}},"type":"binary-expr","locations":[{"start":{"line":146,"column":25},"end":{"line":146,"column":42}},{"start":{"line":146,"column":46},"end":{"line":146,"column":89}}],"line":146},"13":{"loc":{"start":{"line":156,"column":4},"end":{"line":156,"column":76}},"type":"if","locations":[{"start":{"line":156,"column":4},"end":{"line":156,"column":76}},{"start":{},"end":{}}],"line":156},"14":{"loc":{"start":{"line":168,"column":4},"end":{"line":168,"column":76}},"type":"if","locations":[{"start":{"line":168,"column":4},"end":{"line":168,"column":76}},{"start":{},"end":{}}],"line":168},"15":{"loc":{"start":{"line":178,"column":4},"end":{"line":178,"column":84}},"type":"if","locations":[{"start":{"line":178,"column":4},"end":{"line":178,"column":84}},{"start":{},"end":{}}],"line":178},"16":{"loc":{"start":{"line":189,"column":6},"end":{"line":189,"column":74}},"type":"if","locations":[{"start":{"line":189,"column":6},"end":{"line":189,"column":74}},{"start":{},"end":{}}],"line":189},"17":{"loc":{"start":{"line":190,"column":6},"end":{"line":192,"column":7}},"type":"if","locations":[{"start":{"line":190,"column":6},"end":{"line":192,"column":7}},{"start":{},"end":{}}],"line":190},"18":{"loc":{"start":{"line":190,"column":10},"end":{"line":190,"column":76}},"type":"binary-expr","locations":[{"start":{"line":190,"column":10},"end":{"line":190,"column":40}},{"start":{"line":190,"column":44},"end":{"line":190,"column":76}}],"line":190},"19":{"loc":{"start":{"line":193,"column":6},"end":{"line":195,"column":7}},"type":"if","locations":[{"start":{"line":193,"column":6},"end":{"line":195,"column":7}},{"start":{},"end":{}}],"line":193},"20":{"loc":{"start":{"line":193,"column":10},"end":{"line":193,"column":77}},"type":"binary-expr","locations":[{"start":{"line":193,"column":10},"end":{"line":193,"column":41}},{"start":{"line":193,"column":45},"end":{"line":193,"column":77}}],"line":193},"21":{"loc":{"start":{"line":199,"column":31},"end":{"line":199,"column":59}},"type":"binary-expr","locations":[{"start":{"line":199,"column":31},"end":{"line":199,"column":53}},{"start":{"line":199,"column":57},"end":{"line":199,"column":59}}],"line":199},"22":{"loc":{"start":{"line":225,"column":6},"end":{"line":225,"column":74}},"type":"if","locations":[{"start":{"line":225,"column":6},"end":{"line":225,"column":74}},{"start":{},"end":{}}],"line":225},"23":{"loc":{"start":{"line":226,"column":6},"end":{"line":228,"column":7}},"type":"if","locations":[{"start":{"line":226,"column":6},"end":{"line":228,"column":7}},{"start":{},"end":{}}],"line":226},"24":{"loc":{"start":{"line":229,"column":6},"end":{"line":231,"column":7}},"type":"if","locations":[{"start":{"line":229,"column":6},"end":{"line":231,"column":7}},{"start":{},"end":{}}],"line":229},"25":{"loc":{"start":{"line":229,"column":10},"end":{"line":229,"column":113}},"type":"binary-expr","locations":[{"start":{"line":229,"column":10},"end":{"line":229,"column":41}},{"start":{"line":229,"column":45},"end":{"line":229,"column":77}},{"start":{"line":229,"column":81},"end":{"line":229,"column":113}}],"line":229},"26":{"loc":{"start":{"line":234,"column":29},"end":{"line":234,"column":67}},"type":"binary-expr","locations":[{"start":{"line":234,"column":29},"end":{"line":234,"column":44}},{"start":{"line":234,"column":48},"end":{"line":234,"column":67}}],"line":234},"27":{"loc":{"start":{"line":235,"column":31},"end":{"line":235,"column":59}},"type":"binary-expr","locations":[{"start":{"line":235,"column":31},"end":{"line":235,"column":53}},{"start":{"line":235,"column":57},"end":{"line":235,"column":59}}],"line":235},"28":{"loc":{"start":{"line":250,"column":4},"end":{"line":250,"column":84}},"type":"if","locations":[{"start":{"line":250,"column":4},"end":{"line":250,"column":84}},{"start":{},"end":{}}],"line":250},"29":{"loc":{"start":{"line":276,"column":4},"end":{"line":276,"column":103}},"type":"if","locations":[{"start":{"line":276,"column":4},"end":{"line":276,"column":103}},{"start":{},"end":{}}],"line":276},"30":{"loc":{"start":{"line":276,"column":8},"end":{"line":276,"column":29}},"type":"binary-expr","locations":[{"start":{"line":276,"column":8},"end":{"line":276,"column":16}},{"start":{"line":276,"column":20},"end":{"line":276,"column":29}}],"line":276},"31":{"loc":{"start":{"line":277,"column":58},"end":{"line":277,"column":77}},"type":"binary-expr","locations":[{"start":{"line":277,"column":58},"end":{"line":277,"column":70}},{"start":{"line":277,"column":74},"end":{"line":277,"column":77}}],"line":277}},"s":{"0":0,"1":0,"2":0,"3":0,"4":0,"5":0,"6":0,"7":0,"8":0,"9":0,"10":0,"11":0,"12":0,"13":0,"14":0,"15":0,"16":0,"17":0,"18":0,"19":0,"20":0,"21":0,"22":0,"23":0,"24":0,"25":0,"26":0,"27":0,"28":0,"29":0,"30":0,"31":0,"32":0,"33":0,"34":0,"35":0,"36":0,"37":0,"38":0,"39":0,"40":0,"41":0,"42":0,"43":0,"44":0,"45":0,"46":0,"47":0,"48":0,"49":0,"50":0,"51":0,"52":0,"53":0,"54":0,"55":0,"56":0,"57":0,"58":0,"59":0,"60":0,"61":0,"62":0,"63":0,"64":0,"65":0,"66":0,"67":0,"68":0,"69":0,"70":0,"71":0,"72":0,"73":0,"74":0,"75":0,"76":0,"77":0,"78":0,"79":0,"80":0,"81":0,"82":0,"83":0,"84":0,"85":0,"86":0,"87":0,"88":0,"89":0,"90":0,"91":0,"92":0,"93":0,"94":0,"95":0,"96":0,"97":0,"98":0,"99":0,"100":0,"101":0,"102":0,"103":0,"104":0,"105":0,"106":0,"107":0,"108":0,"109":0,"110":0,"111":0,"112":0,"113":0,"114":0,"115":0,"116":0,"117":0,"118":0,"119":0,"120":0,"121":0,"122":0,"123":0,"124":0,"125":0,"126":0,"127":0,"128":0,"129":0,"130":0,"131":0,"132":0,"133":0,"134":0,"135":0,"136":0,"137":0,"138":0,"139":0,"140":0,"141":0,"142":0,"143":0,"144":0,"145":0,"146":0,"147":0,"148":0,"149":0,"150":0,"151":0,"152":0,"153":0,"154":0,"155":0,"156":0,"157":0,"158":0,"159":0,"160":0,"161":0,"162":0,"163":0,"164":0,"165":0,"166":0,"167":0,"168":0,"169":0,"170":0,"171":0,"172":0,"173":0,"174":0,"175":0,"176":0,"177":0,"178":0,"179":0,"180":0,"181":0,"182":0,"183":0,"184":0,"185":0,"186":0,"187":0,"188":0,"189":0,"190":0,"191":0,"192":0,"193":0,"194":0,"195":0,"196":0,"197":0,"198":0,"199":0,"200":0,"201":0,"202":0,"203":0,"204":0,"205":0,"206":0,"207":0,"208":0,"209":0,"210":0,"211":0,"212":0},"f":{"0":0,"1":0,"2":0,"3":0,"4":0,"5":0,"6":0,"7":0,"8":0,"9":0,"10":0,"11":0,"12":0,"13":0,"14":0,"15":0,"16":0,"17":0,"18":0,"19":0,"20":0,"21":0,"22":0,"23":0,"24":0,"25":0,"26":0,"27":0},"b":{"0":[0,0],"1":[0,0],"2":[0,0],"3":[0,0],"4":[0,0],"5":[0,0],"6":[0,0],"7":[0,0],"8":[0,0],"9":[0,0],"10":[0,0],"11":[0,0],"12":[0,0],"13":[0,0],"14":[0,0],"15":[0,0],"16":[0,0],"17":[0,0],"18":[0,0],"19":[0,0],"20":[0,0],"21":[0,0],"22":[0,0],"23":[0,0],"24":[0,0],"25":[0,0,0],"26":[0,0],"27":[0,0],"28":[0,0],"29":[0,0],"30":[0,0],"31":[0,0]}}
,"C:\\Users\\SHARON Otunga\\Desktop\\Project\\Bolt 1.1\\backend\\src\\controllers\\adminMfaController.js": {"path":"C:\\Users\\SHARON Otunga\\Desktop\\Project\\Bolt 1.1\\backend\\src\\controllers\\adminMfaController.js","statementMap":{"0":{"start":{"line":1,"column":15},"end":{"line":1,"column":32}},"1":{"start":{"line":2,"column":13},"end":{"line":2,"column":38}},"2":{"start":{"line":4,"column":14},"end":{"line":12,"column":1}},"3":{"start":{"line":5,"column":15},"end":{"line":5,"column":23}},"4":{"start":{"line":6,"column":17},"end":{"line":6,"column":54}},"5":{"start":{"line":7,"column":18},"end":{"line":7,"column":79}},"6":{"start":{"line":9,"column":2},"end":{"line":9,"column":30}},"7":{"start":{"line":10,"column":2},"end":{"line":10,"column":20}},"8":{"start":{"line":11,"column":2},"end":{"line":11,"column":93}},"9":{"start":{"line":14,"column":15},"end":{"line":26,"column":1}},"10":{"start":{"line":15,"column":20},"end":{"line":15,"column":45}},"11":{"start":{"line":16,"column":15},"end":{"line":16,"column":23}},"12":{"start":{"line":17,"column":17},"end":{"line":17,"column":53}},"13":{"start":{"line":18,"column":2},"end":{"line":18,"column":120}},"14":{"start":{"line":18,"column":15},"end":{"line":18,"column":120}},"15":{"start":{"line":19,"column":16},"end":{"line":19,"column":57}},"16":{"start":{"line":20,"column":2},"end":{"line":20,"column":113}},"17":{"start":{"line":20,"column":14},"end":{"line":20,"column":113}},"18":{"start":{"line":21,"column":2},"end":{"line":21,"column":25}},"19":{"start":{"line":22,"column":2},"end":{"line":22,"column":26}},"20":{"start":{"line":23,"column":2},"end":{"line":23,"column":33}},"21":{"start":{"line":24,"column":2},"end":{"line":24,"column":20}},"22":{"start":{"line":25,"column":2},"end":{"line":25,"column":54}},"23":{"start":{"line":28,"column":16},"end":{"line":35,"column":1}},"24":{"start":{"line":29,"column":15},"end":{"line":29,"column":23}},"25":{"start":{"line":30,"column":2},"end":{"line":30,"column":26}},"26":{"start":{"line":31,"column":2},"end":{"line":31,"column":29}},"27":{"start":{"line":32,"column":2},"end":{"line":32,"column":33}},"28":{"start":{"line":33,"column":2},"end":{"line":33,"column":20}},"29":{"start":{"line":34,"column":2},"end":{"line":34,"column":55}},"30":{"start":{"line":37,"column":0},"end":{"line":37,"column":44}}},"fnMap":{"0":{"name":"(anonymous_0)","decl":{"start":{"line":4,"column":14},"end":{"line":4,"column":15}},"loc":{"start":{"line":4,"column":34},"end":{"line":12,"column":1}},"line":4},"1":{"name":"(anonymous_1)","decl":{"start":{"line":14,"column":15},"end":{"line":14,"column":16}},"loc":{"start":{"line":14,"column":35},"end":{"line":26,"column":1}},"line":14},"2":{"name":"(anonymous_2)","decl":{"start":{"line":28,"column":16},"end":{"line":28,"column":17}},"loc":{"start":{"line":28,"column":36},"end":{"line":35,"column":1}},"line":28}},"branchMap":{"0":{"loc":{"start":{"line":15,"column":20},"end":{"line":15,"column":45}},"type":"binary-expr","locations":[{"start":{"line":15,"column":20},"end":{"line":15,"column":33}},{"start":{"line":15,"column":37},"end":{"line":15,"column":45}}],"line":15},"1":{"loc":{"start":{"line":17,"column":17},"end":{"line":17,"column":53}},"type":"binary-expr","locations":[{"start":{"line":17,"column":17},"end":{"line":17,"column":35}},{"start":{"line":17,"column":39},"end":{"line":17,"column":53}}],"line":17},"2":{"loc":{"start":{"line":18,"column":2},"end":{"line":18,"column":120}},"type":"if","locations":[{"start":{"line":18,"column":2},"end":{"line":18,"column":120}},{"start":{},"end":{}}],"line":18},"3":{"loc":{"start":{"line":20,"column":2},"end":{"line":20,"column":113}},"type":"if","locations":[{"start":{"line":20,"column":2},"end":{"line":20,"column":113}},{"start":{},"end":{}}],"line":20}},"s":{"0":0,"1":0,"2":0,"3":0,"4":0,"5":0,"6":0,"7":0,"8":0,"9":0,"10":0,"11":0,"12":0,"13":0,"14":0,"15":0,"16":0,"17":0,"18":0,"19":0,"20":0,"21":0,"22":0,"23":0,"24":0,"25":0,"26":0,"27":0,"28":0,"29":0,"30":0},"f":{"0":0,"1":0,"2":0},"b":{"0":[0,0],"1":[0,0],"2":[0,0],"3":[0,0]}}
,"C:\\Users\\SHARON Otunga\\Desktop\\Project\\Bolt 1.1\\backend\\src\\controllers\\adminPaymentsController.js": {"path":"C:\\Users\\SHARON Otunga\\Desktop\\Project\\Bolt 1.1\\backend\\src\\controllers\\adminPaymentsController.js","statementMap":{"0":{"start":{"line":1,"column":28},"end":{"line":1,"column":70}},"1":{"start":{"line":2,"column":21},"end":{"line":2,"column":54}},"2":{"start":{"line":4,"column":21},"end":{"line":15,"column":1}},"3":{"start":{"line":5,"column":2},"end":{"line":14,"column":3}},"4":{"start":{"line":6,"column":17},"end":{"line":6,"column":44}},"5":{"start":{"line":7,"column":18},"end":{"line":7,"column":47}},"6":{"start":{"line":8,"column":19},"end":{"line":8,"column":35}},"7":{"start":{"line":9,"column":19},"end":{"line":9,"column":35}},"8":{"start":{"line":10,"column":17},"end":{"line":10,"column":94}},"9":{"start":{"line":11,"column":4},"end":{"line":11,"column":19}},"10":{"start":{"line":13,"column":4},"end":{"line":13,"column":49}},"11":{"start":{"line":17,"column":19},"end":{"line":25,"column":1}},"12":{"start":{"line":18,"column":2},"end":{"line":24,"column":3}},"13":{"start":{"line":19,"column":17},"end":{"line":19,"column":74}},"14":{"start":{"line":20,"column":4},"end":{"line":20,"column":82}},"15":{"start":{"line":20,"column":15},"end":{"line":20,"column":82}},"16":{"start":{"line":21,"column":4},"end":{"line":21,"column":19}},"17":{"start":{"line":23,"column":4},"end":{"line":23,"column":49}},"18":{"start":{"line":27,"column":23},"end":{"line":35,"column":1}},"19":{"start":{"line":28,"column":2},"end":{"line":34,"column":3}},"20":{"start":{"line":29,"column":49},"end":{"line":29,"column":57}},"21":{"start":{"line":30,"column":18},"end":{"line":30,"column":171}},"22":{"start":{"line":31,"column":4},"end":{"line":31,"column":24}},"23":{"start":{"line":33,"column":4},"end":{"line":33,"column":49}},"24":{"start":{"line":37,"column":22},"end":{"line":45,"column":1}},"25":{"start":{"line":38,"column":2},"end":{"line":44,"column":3}},"26":{"start":{"line":39,"column":40},"end":{"line":39,"column":48}},"27":{"start":{"line":40,"column":18},"end":{"line":40,"column":161}},"28":{"start":{"line":41,"column":4},"end":{"line":41,"column":24}},"29":{"start":{"line":43,"column":4},"end":{"line":43,"column":49}},"30":{"start":{"line":47,"column":24},"end":{"line":65,"column":1}},"31":{"start":{"line":48,"column":2},"end":{"line":64,"column":3}},"32":{"start":{"line":49,"column":74},"end":{"line":49,"column":82}},"33":{"start":{"line":50,"column":4},"end":{"line":50,"column":110}},"34":{"start":{"line":50,"column":49},"end":{"line":50,"column":110}},"35":{"start":{"line":51,"column":20},"end":{"line":51,"column":73}},"36":{"start":{"line":52,"column":18},"end":{"line":52,"column":122}},"37":{"start":{"line":53,"column":4},"end":{"line":60,"column":7}},"38":{"start":{"line":61,"column":4},"end":{"line":61,"column":24}},"39":{"start":{"line":63,"column":4},"end":{"line":63,"column":49}},"40":{"start":{"line":67,"column":22},"end":{"line":75,"column":1}},"41":{"start":{"line":68,"column":2},"end":{"line":74,"column":3}},"42":{"start":{"line":69,"column":19},"end":{"line":69,"column":82}},"43":{"start":{"line":70,"column":19},"end":{"line":70,"column":118}},"44":{"start":{"line":71,"column":4},"end":{"line":71,"column":25}},"45":{"start":{"line":73,"column":4},"end":{"line":73,"column":49}},"46":{"start":{"line":77,"column":0},"end":{"line":84,"column":2}}},"fnMap":{"0":{"name":"(anonymous_0)","decl":{"start":{"line":4,"column":21},"end":{"line":4,"column":22}},"loc":{"start":{"line":4,"column":41},"end":{"line":15,"column":1}},"line":4},"1":{"name":"(anonymous_1)","decl":{"start":{"line":17,"column":19},"end":{"line":17,"column":20}},"loc":{"start":{"line":17,"column":39},"end":{"line":25,"column":1}},"line":17},"2":{"name":"(anonymous_2)","decl":{"start":{"line":27,"column":23},"end":{"line":27,"column":24}},"loc":{"start":{"line":27,"column":43},"end":{"line":35,"column":1}},"line":27},"3":{"name":"(anonymous_3)","decl":{"start":{"line":37,"column":22},"end":{"line":37,"column":23}},"loc":{"start":{"line":37,"column":42},"end":{"line":45,"column":1}},"line":37},"4":{"name":"(anonymous_4)","decl":{"start":{"line":47,"column":24},"end":{"line":47,"column":25}},"loc":{"start":{"line":47,"column":44},"end":{"line":65,"column":1}},"line":47},"5":{"name":"(anonymous_5)","decl":{"start":{"line":67,"column":22},"end":{"line":67,"column":23}},"loc":{"start":{"line":67,"column":42},"end":{"line":75,"column":1}},"line":67}},"branchMap":{"0":{"loc":{"start":{"line":6,"column":17},"end":{"line":6,"column":44}},"type":"binary-expr","locations":[{"start":{"line":6,"column":17},"end":{"line":6,"column":39}},{"start":{"line":6,"column":43},"end":{"line":6,"column":44}}],"line":6},"1":{"loc":{"start":{"line":7,"column":18},"end":{"line":7,"column":47}},"type":"binary-expr","locations":[{"start":{"line":7,"column":18},"end":{"line":7,"column":41}},{"start":{"line":7,"column":45},"end":{"line":7,"column":47}}],"line":7},"2":{"loc":{"start":{"line":20,"column":4},"end":{"line":20,"column":82}},"type":"if","locations":[{"start":{"line":20,"column":4},"end":{"line":20,"column":82}},{"start":{},"end":{}}],"line":20},"3":{"loc":{"start":{"line":50,"column":4},"end":{"line":50,"column":110}},"type":"if","locations":[{"start":{"line":50,"column":4},"end":{"line":50,"column":110}},{"start":{},"end":{}}],"line":50},"4":{"loc":{"start":{"line":58,"column":14},"end":{"line":58,"column":44}},"type":"binary-expr","locations":[{"start":{"line":58,"column":14},"end":{"line":58,"column":20}},{"start":{"line":58,"column":24},"end":{"line":58,"column":44}}],"line":58},"5":{"loc":{"start":{"line":69,"column":19},"end":{"line":69,"column":82}},"type":"binary-expr","locations":[{"start":{"line":69,"column":19},"end":{"line":69,"column":34}},{"start":{"line":69,"column":38},"end":{"line":69,"column":82}}],"line":69}},"s":{"0":0,"1":0,"2":0,"3":0,"4":0,"5":0,"6":0,"7":0,"8":0,"9":0,"10":0,"11":0,"12":0,"13":0,"14":0,"15":0,"16":0,"17":0,"18":0,"19":0,"20":0,"21":0,"22":0,"23":0,"24":0,"25":0,"26":0,"27":0,"28":0,"29":0,"30":0,"31":0,"32":0,"33":0,"34":0,"35":0,"36":0,"37":0,"38":0,"39":0,"40":0,"41":0,"42":0,"43":0,"44":0,"45":0,"46":0},"f":{"0":0,"1":0,"2":0,"3":0,"4":0,"5":0},"b":{"0":[0,0],"1":[0,0],"2":[0,0],"3":[0,0],"4":[0,0],"5":[0,0]}}
,"C:\\Users\\SHARON Otunga\\Desktop\\Project\\Bolt 1.1\\backend\\src\\controllers\\analyticsController.js": {"path":"C:\\Users\\SHARON Otunga\\Desktop\\Project\\Bolt 1.1\\backend\\src\\controllers\\analyticsController.js","statementMap":{"0":{"start":{"line":1,"column":14},"end":{"line":1,"column":43}},"1":{"start":{"line":2,"column":21},"end":{"line":2,"column":54}},"2":{"start":{"line":4,"column":21},"end":{"line":17,"column":1}},"3":{"start":{"line":5,"column":2},"end":{"line":16,"column":3}},"4":{"start":{"line":6,"column":53},"end":{"line":6,"column":67}},"5":{"start":{"line":7,"column":20},"end":{"line":7,"column":49}},"6":{"start":{"line":8,"column":15},"end":{"line":8,"column":21}},"7":{"start":{"line":9,"column":22},"end":{"line":9,"column":43}},"8":{"start":{"line":11,"column":4},"end":{"line":11,"column":151}},"9":{"start":{"line":12,"column":4},"end":{"line":12,"column":83}},"10":{"start":{"line":13,"column":4},"end":{"line":13,"column":34}},"11":{"start":{"line":15,"column":4},"end":{"line":15,"column":56}},"12":{"start":{"line":19,"column":24},"end":{"line":34,"column":1}},"13":{"start":{"line":20,"column":2},"end":{"line":33,"column":3}},"14":{"start":{"line":21,"column":21},"end":{"line":21,"column":32}},"15":{"start":{"line":22,"column":18},"end":{"line":22,"column":30}},"16":{"start":{"line":23,"column":18},"end":{"line":23,"column":58}},"17":{"start":{"line":24,"column":21},"end":{"line":24,"column":89}},"18":{"start":{"line":25,"column":18},"end":{"line":25,"column":83}},"19":{"start":{"line":26,"column":16},"end":{"line":26,"column":79}},"20":{"start":{"line":27,"column":18},"end":{"line":27,"column":83}},"21":{"start":{"line":27,"column":74},"end":{"line":27,"column":82}},"22":{"start":{"line":29,"column":27},"end":{"line":29,"column":28}},"23":{"start":{"line":30,"column":4},"end":{"line":30,"column":69}},"24":{"start":{"line":32,"column":4},"end":{"line":32,"column":49}},"25":{"start":{"line":36,"column":0},"end":{"line":36,"column":51}}},"fnMap":{"0":{"name":"(anonymous_0)","decl":{"start":{"line":4,"column":21},"end":{"line":4,"column":22}},"loc":{"start":{"line":4,"column":41},"end":{"line":17,"column":1}},"line":4},"1":{"name":"(anonymous_1)","decl":{"start":{"line":19,"column":24},"end":{"line":19,"column":25}},"loc":{"start":{"line":19,"column":44},"end":{"line":34,"column":1}},"line":19},"2":{"name":"(anonymous_2)","decl":{"start":{"line":27,"column":69},"end":{"line":27,"column":70}},"loc":{"start":{"line":27,"column":74},"end":{"line":27,"column":82}},"line":27}},"branchMap":{"0":{"loc":{"start":{"line":6,"column":53},"end":{"line":6,"column":67}},"type":"binary-expr","locations":[{"start":{"line":6,"column":53},"end":{"line":6,"column":61}},{"start":{"line":6,"column":65},"end":{"line":6,"column":67}}],"line":6},"1":{"loc":{"start":{"line":7,"column":20},"end":{"line":7,"column":49}},"type":"cond-expr","locations":[{"start":{"line":7,"column":31},"end":{"line":7,"column":42}},{"start":{"line":7,"column":45},"end":{"line":7,"column":49}}],"line":7},"2":{"loc":{"start":{"line":11,"column":103},"end":{"line":11,"column":147}},"type":"cond-expr","locations":[{"start":{"line":11,"column":115},"end":{"line":11,"column":134}},{"start":{"line":11,"column":137},"end":{"line":11,"column":147}}],"line":11}},"s":{"0":0,"1":0,"2":0,"3":0,"4":0,"5":0,"6":0,"7":0,"8":0,"9":0,"10":0,"11":0,"12":0,"13":0,"14":0,"15":0,"16":0,"17":0,"18":0,"19":0,"20":0,"21":0,"22":0,"23":0,"24":0,"25":0},"f":{"0":0,"1":0,"2":0},"b":{"0":[0,0],"1":[0,0],"2":[0,0]}}
,"C:\\Users\\SHARON Otunga\\Desktop\\Project\\Bolt 1.1\\backend\\src\\controllers\\authController.js": {"path":"C:\\Users\\SHARON Otunga\\Desktop\\Project\\Bolt 1.1\\backend\\src\\controllers\\authController.js","statementMap":{"0":{"start":{"line":1,"column":15},"end":{"line":1,"column":32}},"1":{"start":{"line":2,"column":13},"end":{"line":2,"column":38}},"2":{"start":{"line":14,"column":4},"end":{"line":14,"column":38}},"3":{"start":{"line":15,"column":15},"end":{"line":15,"column":35}},"4":{"start":{"line":16,"column":15},"end":{"line":16,"column":49}},"5":{"start":{"line":17,"column":34},"end":{"line":17,"column":62}},"6":{"start":{"line":18,"column":60},"end":{"line":18,"column":91}},"7":{"start":{"line":20,"column":21},"end":{"line":24,"column":1}},"8":{"start":{"line":21,"column":49},"end":{"line":21,"column":103}},"9":{"start":{"line":22,"column":51},"end":{"line":22,"column":106}},"10":{"start":{"line":23,"column":2},"end":{"line":23,"column":62}},"11":{"start":{"line":26,"column":17},"end":{"line":63,"column":1}},"12":{"start":{"line":27,"column":49},"end":{"line":27,"column":62}},"13":{"start":{"line":28,"column":19},"end":{"line":28,"column":48}},"14":{"start":{"line":29,"column":2},"end":{"line":32,"column":3}},"15":{"start":{"line":30,"column":18},"end":{"line":30,"column":62}},"16":{"start":{"line":31,"column":4},"end":{"line":31,"column":37}},"17":{"start":{"line":34,"column":25},"end":{"line":34,"column":53}},"18":{"start":{"line":35,"column":15},"end":{"line":43,"column":4}},"19":{"start":{"line":45,"column":28},"end":{"line":45,"column":66}},"20":{"start":{"line":46,"column":2},"end":{"line":46,"column":50}},"21":{"start":{"line":47,"column":2},"end":{"line":47,"column":67}},"22":{"start":{"line":48,"column":2},"end":{"line":48,"column":20}},"23":{"start":{"line":50,"column":52},"end":{"line":50,"column":76}},"24":{"start":{"line":51,"column":2},"end":{"line":51,"column":63}},"25":{"start":{"line":53,"column":2},"end":{"line":59,"column":5}},"26":{"start":{"line":61,"column":23},"end":{"line":61,"column":71}},"27":{"start":{"line":62,"column":2},"end":{"line":62,"column":94}},"28":{"start":{"line":65,"column":14},"end":{"line":97,"column":1}},"29":{"start":{"line":66,"column":30},"end":{"line":66,"column":43}},"30":{"start":{"line":67,"column":15},"end":{"line":67,"column":44}},"31":{"start":{"line":69,"column":2},"end":{"line":72,"column":3}},"32":{"start":{"line":70,"column":18},"end":{"line":70,"column":57}},"33":{"start":{"line":71,"column":4},"end":{"line":71,"column":37}},"34":{"start":{"line":74,"column":2},"end":{"line":77,"column":3}},"35":{"start":{"line":75,"column":18},"end":{"line":75,"column":57}},"36":{"start":{"line":76,"column":4},"end":{"line":76,"column":37}},"37":{"start":{"line":79,"column":2},"end":{"line":82,"column":3}},"38":{"start":{"line":80,"column":18},"end":{"line":80,"column":54}},"39":{"start":{"line":81,"column":4},"end":{"line":81,"column":37}},"40":{"start":{"line":84,"column":52},"end":{"line":84,"column":76}},"41":{"start":{"line":85,"column":2},"end":{"line":85,"column":63}},"42":{"start":{"line":87,"column":2},"end":{"line":93,"column":5}},"43":{"start":{
[...]
line":37,"column":15},"end":{"line":37,"column":67}},"35":{"start":{"line":38,"column":2},"end":{"line":38,"column":43}},"36":{"start":{"line":41,"column":0},"end":{"line":41,"column":105}}},"fnMap":{"0":{"name":"(anonymous_0)","decl":{"start":{"line":5,"column":18},"end":{"line":5,"column":19}},"loc":{"start":{"line":5,"column":30},"end":{"line":5,"column":68}},"line":5},"1":{"name":"(anonymous_1)","decl":{"start":{"line":7,"column":16},"end":{"line":7,"column":17}},"loc":{"start":{"line":7,"column":30},"end":{"line":7,"column":67}},"line":7},"2":{"name":"(anonymous_2)","decl":{"start":{"line":9,"column":19},"end":{"line":9,"column":20}},"loc":{"start":{"line":9,"column":52},"end":{"line":23,"column":1}},"line":9},"3":{"name":"(anonymous_3)","decl":{"start":{"line":15,"column":31},"end":{"line":15,"column":32}},"loc":{"start":{"line":15,"column":40},"end":{"line":19,"column":3}},"line":15},"4":{"name":"(anonymous_4)","decl":{"start":{"line":25,"column":19},"end":{"line":25,"column":20}},"loc":{"start":{"line":25,"column":43},"end":{"line":32,"column":1}},"line":25},"5":{"name":"(anonymous_5)","decl":{"start":{"line":34,"column":29},"end":{"line":34,"column":30}},"loc":{"start":{"line":34,"column":48},"end":{"line":34,"column":80}},"line":34},"6":{"name":"(anonymous_6)","decl":{"start":{"line":36,"column":26},"end":{"line":36,"column":27}},"loc":{"start":{"line":36,"column":44},"end":{"line":39,"column":1}},"line":36}},"branchMap":{"0":{"loc":{"start":{"line":11,"column":2},"end":{"line":11,"column":49}},"type":"if","locations":[{"start":{"line":11,"column":2},"end":{"line":11,"column":49}},{"start":{},"end":{}}],"line":11},"1":{"loc":{"start":{"line":12,"column":2},"end":{"line":12,"column":86}},"type":"if","locations":[{"start":{"line":12,"column":2},"end":{"line":12,"column":86}},{"start":{},"end":{}}],"line":12},"2":{"loc":{"start":{"line":12,"column":6},"end":{"line":12,"column":52}},"type":"binary-expr","locations":[{"start":{"line":12,"column":6},"end":{"line":12,"column":27}},{"start":{"line":12,"column":31},"end":{"line":12,"column":52}}],"line":12},"3":{"loc":{"start":{"line":14,"column":2},"end":{"line":14,"column":94}},"type":"if","locations":[{"start":{"line":14,"column":2},"end":{"line":14,"column":94}},{"start":{},"end":{}}],"line":14},"4":{"loc":{"start":{"line":14,"column":6},"end":{"line":14,"column":58}},"type":"binary-expr","locations":[{"start":{"line":14,"column":6},"end":{"line":14,"column":27}},{"start":{"line":14,"column":31},"end":{"line":14,"column":58}}],"line":14},"5":{"loc":{"start":{"line":16,"column":4},"end":{"line":18,"column":5}},"type":"if","locations":[{"start":{"line":16,"column":4},"end":{"line":18,"column":5}},{"start":{},"end":{}}],"line":16},"6":{"loc":{"start":{"line":26,"column":2},"end":{"line":26,"column":79}},"type":"if","locations":[{"start":{"line":26,"column":2},"end":{"line":26,"column":79}},{"start":{},"end":{}}],"line":26},"7":{"loc":{"start":{"line":26,"column":6},"end":{"line":26,"column":45}},"type":"binary-expr","locations":[{"start":{"line":26,"column":6},"end":{"line":26,"column":20}},{"start":{"line":26,"column":24},"end":{"line":26,"column":45}}],"line":26},"8":{"loc":{"start":{"line":28,"column":2},"end":{"line":28,"column":49}},"type":"if","locations":[{"start":{"line":28,"column":2},"end":{"line":28,"column":49}},{"start":{},"end":{}}],"line":28},"9":{"loc":{"start":{"line":38,"column":9},"end":{"line":38,"column":42}},"type":"cond-expr","locations":[{"start":{"line":38,"column":16},"end":{"line":38,"column":35}},{"start":{"line":38,"column":38},"end":{"line":38,"column":42}}],"line":38}},"s":{"0":0,"1":0,"2":0,"3":0,"4":0,"5":0,"6":0,"7":0,"8":0,"9":0,"10":0,"11":0,"12":0,"13":0,"14":0,"15":0,"16":0,"17":0,"18":0,"19":0,"20":0,"21":0,"22":0,"23":0,"24":0,"25":0,"26":0,"27":0,"28":0,"29":0,"30":0,"31":0,"32":0,"33":0,"34":0,"35":0,"36":0},"f":{"0":0,"1":0,"2":0,"3":0,"4":0,"5":0,"6":0},"b":{"0":[0,0],"1":[0,0],"2":[0,0],"3":[0,0],"4":[0,0],"5":[0,0],"6":[0,0],"7":[0,0],"8":[0,0],"9":[0,0]}}
,"C:\\Users\\SHARON Otunga\\Desktop\\Project\\Bolt 1.1\\backend\\src\\services\\paymentProviders\\manualPaymentProvider.js": {"path":"C:\\Users\\SHARON Otunga\\Desktop\\Project\\Bolt 1.1\\backend\\src\\services\\paymentProviders\\manualPaymentProvider.js","statementMap":{"0":{"start":{"line":1,"column":24},"end":{"line":1,"column":52}},"1":{"start":{"line":6,"column":4},"end":{"line":6,"column":45}},"2":{"start":{"line":11,"column":4},"end":{"line":11,"column":31}},"3":{"start":{"line":16,"column":4},"end":{"line":16,"column":31}},"4":{"start":{"line":20,"column":0},"end":{"line":20,"column":39}}},"fnMap":{"0":{"name":"(anonymous_0)","decl":{"start":{"line":4,"column":2},"end":{"line":4,"column":3}},"loc":{"start":{"line":4,"column":33},"end":{"line":7,"column":3}},"line":4},"1":{"name":"(anonymous_1)","decl":{"start":{"line":9,"column":2},"end":{"line":9,"column":3}},"loc":{"start":{"line":9,"column":31},"end":{"line":12,"column":3}},"line":9},"2":{"name":"(anonymous_2)","decl":{"start":{"line":14,"column":2},"end":{"line":14,"column":3}},"loc":{"start":{"line":14,"column":31},"end":{"line":17,"column":3}},"line":14}},"branchMap":{},"s":{"0":0,"1":0,"2":0,"3":0,"4":0},"f":{"0":0,"1":0,"2":0},"b":{}}
,"C:\\Users\\SHARON Otunga\\Desktop\\Project\\Bolt 1.1\\backend\\src\\services\\paymentProviders\\paymentProvider.js": {"path":"C:\\Users\\SHARON Otunga\\Desktop\\Project\\Bolt 1.1\\backend\\src\\services\\paymentProviders\\paymentProvider.js","statementMap":{"0":{"start":{"line":2,"column":35},"end":{"line":2,"column":70}},"1":{"start":{"line":3,"column":33},"end":{"line":3,"column":68}},"2":{"start":{"line":4,"column":33},"end":{"line":4,"column":68}},"3":{"start":{"line":7,"column":0},"end":{"line":7,"column":33}}},"fnMap":{"0":{"name":"(anonymous_0)","decl":{"start":{"line":2,"column":2},"end":{"line":2,"column":3}},"loc":{"start":{"line":2,"column":33},"end":{"line":2,"column":72}},"line":2},"1":{"name":"(anonymous_1)","decl":{"start":{"line":3,"column":2},"end":{"line":3,"column":3}},"loc":{"start":{"line":3,"column":31},"end":{"line":3,"column":70}},"line":3},"2":{"name":"(anonymous_2)","decl":{"start":{"line":4,"column":2},"end":{"line":4,"column":3}},"loc":{"start":{"line":4,"column":31},"end":{"line":4,"column":70}},"line":4}},"branchMap":{},"s":{"0":0,"1":0,"2":0,"3":0},"f":{"0":0,"1":0,"2":0},"b":{}}
,"C:\\Users\\SHARON Otunga\\Desktop\\Project\\Bolt 1.1\\backend\\src\\utils\\apiResponse.js": {"path":"C:\\Users\\SHARON Otunga\\Desktop\\Project\\Bolt 1.1\\backend\\src\\utils\\apiResponse.js","statementMap":{"0":{"start":{"line":13,"column":24},"end":{"line":19,"column":1}},"1":{"start":{"line":14,"column":2},"end":{"line":18,"column":5}},"2":{"start":{"line":27,"column":22},"end":{"line":45,"column":1}},"3":{"start":{"line":29,"column":2},"end":{"line":36,"column":3}},"4":{"start":{"line":30,"column":4},"end":{"line":35,"column":7}},"5":{"start":{"line":39,"column":2},"end":{"line":44,"column":5}},"6":{"start":{"line":56,"column":26},"end":{"line":72,"column":1}},"7":{"start":{"line":57,"column":21},"end":{"line":57,"column":45}},"8":{"start":{"line":59,"column":2},"end":{"line":71,"column":5}},"9":{"start":{"line":80,"column":24},"end":{"line":86,"column":1}},"10":{"start":{"line":81,"column":2},"end":{"line":85,"column":5}},"11":{"start":{"line":94,"column":25},"end":{"line":100,"column":1}},"12":{"start":{"line":95,"column":2},"end":{"line":99,"column":5}},"13":{"start":{"line":106,"column":26},"end":{"line":108,"column":1}},"14":{"start":{"line":107,"column":2},"end":{"line":107,"column":32}},"15":{"start":{"line":110,"column":0},"end":{"line":117,"column":2}}},"fnMap":{"0":{"name":"(anonymous_0)","decl":{"start":{"line":13,"column":24},"end":{"line":13,"column":25}},"loc":{"start":{"line":13,"column":78},"end":{"line":19,"column":1}},"line":13},"1":{"name":"(anonymous_1)","decl":{"start":{"line":27,"column":22},"end":{"line":27,"column":23}},"loc":{"start":{"line":27,"column":56},"end":{"line":45,"column":1}},"line":27},"2":{"name":"(anonymous_2)","decl":{"start":{"line":56,"column":26},"end":{"line":56,"column":27}},"loc":{"start":{"line":56,"column":93},"end":{"line":72,"column":1}},"line":56},"3":{"name":"(anonymous_3)","decl":{"start":{"line":80,"column":24},"end":{"line":80,"column":25}},"loc":{"start":{"line":80,"column":82},"end":{"line":86,"column":1}},"line":80},"4":{"name":"(anonymous_4)","decl":{"start":{"line":94,"column":25},"end":{"line":94,"column":26}},"loc":{"start":{"line":94,"column":77},"end":{"line":100,"column":1}},"line":94},"5":{"name":"(anonymous_5)","decl":{"start":{"line":106,"column":26},"end":{"line":106,"column":27}},"loc":{"start":{"line":106,"column":35},"end":{"line":108,"column":1}},"line":106}},"branchMap":{"0":{"loc":{"start":{"line":13,"column":30},"end":{"line":13,"column":41}},"type":"default-arg","locations":[{"start":{"line":13,"column":37},"end":{"line":13,"column":41}}],"line":13},"1":{"loc":{"start":{"line":13,"column":43},"end":{"line":13,"column":55}},"type":"default-arg","locations":[{"start":{"line":13,"column":53},"end":{"line":13,"column":55}}],"line":13},"2":{"loc":{"start":{"line":13,"column":57},"end":{"line":13,"column":73}},"type":"default-arg","locations":[{"start":{"line":13,"column":70},"end":{"line":13,"column":73}}],"line":13},"3":{"loc":{"start":{"line":17,"column":13},"end":{"line":17,"column":44}},"type":"binary-expr","locations":[{"start":{"line":17,"column":13},"end":{"line":17,"column":20}},{"start":{"line":17,"column":24},"end":{"line":17,"column":44}}],"line":17},"4":{"loc":{"start":{"line":27,"column":35},"end":{"line":27,"column":51}},"type":"default-arg","locations":[{"start":{"line":27,"column":48},"end":{"line":27,"column":51}}],"line":27},"5":{"loc":{"start":{"line":29,"column":2},"end":{"line":36,"column":3}},"type":"if","locations":[{"start":{"line":29,"column":2},"end":{"line":36,"column":3}},{"start":{},"end":{}}],"line":29},"6":{"loc":{"start":{"line":29,"column":6},"end":{"line":29,"column":25}},"type":"binary-expr","locations":[{"start":{"line":29,"column":6},"end":{"line":29,"column":11}},{"start":{"line":29,"column":15},"end":{"line":29,"column":25}}],"line":29},"7":{"loc":{"start":{"line":30,"column":22},"end":{"line":30,"column":52}},"type":"binary-expr","locations":[{"start":{"line":30,"column":22},"end":{"line":30,"column":38}},{"start":{"line":30,"column":42},"end":{"line":30,"column":52}}],"line":30},"8":{"loc":{"start":{"line":34,"column":14},"end":{"line":34,"column":44}},"type":"binary-expr","locations":[{"start":{"line":34,"column":14},"end":{"line":34,"column":30}},{"start":{"line":34,"column":34},"end":{"line":34,"column":44}}],"line":34},"9":{"loc":{"start":{"line":42,"column":13},"end":{"line":42,"column":53}},"type":"binary-expr","locations":[{"start":{"line":42,"column":13},"end":{"line":42,"column":27}},{"start":{"line":42,"column":31},"end":{"line":42,"column":53}}],"line":42},"10":{"loc":{"start":{"line":56,"column":32},"end":{"line":56,"column":41}},"type":"default-arg","locations":[{"start":{"line":56,"column":39},"end":{"line":56,"column":41}}],"line":56},"11":{"loc":{"start":{"line":56,"column":43},"end":{"line":56,"column":51}},"type":"default-arg","locations":[{"start":{"line":56,"column":50},"end":{"line":56,"column":51}}],"line":56},"12":{"loc":{"start":{"line":56,"column":53},"end":{"line":56,"column":63}},"type":"default-arg","locations":[{"start":{"line":56,"column":61},"end":{"line":56,"column":63}}],"line":56},"13":{"loc":{"start":{"line":56,"column":65},"end":{"line":56,"column":74}},"type":"default-arg","locations":[{"start":{"line":56,"column":73},"end":{"line":56,"column":74}}],"line":56},"14":{"loc":{"start":{"line":56,"column":76},"end":{"line":56,"column":88}},"type":"default-arg","locations":[{"start":{"line":56,"column":86},"end":{"line":56,"column":88}}],"line":56},"15":{"loc":{"start":{"line":70,"column":13},"end":{"line":70,"column":44}},"type":"binary-expr","locations":[{"start":{"line":70,"column":13},"end":{"line":70,"column":20}},{"start":{"line":70,"column":24},"end":{"line":70,"column":44}}],"line":70},"16":{"loc":{"start":{"line":80,"column":36},"end":{"line":80,"column":77}},"type":"default-arg","locations":[{"start":{"line":80,"column":46},"end":{"line":80,"column":77}}],"line":80},"17":{"loc":{"start":{"line":94,"column":31},"end":{"line":94,"column":42}},"type":"default-arg","locations":[{"start":{"line":94,"column":38},"end":{"line":94,"column":42}}],"line":94},"18":{"loc":{"start":{"line":94,"column":44},"end":{"line":94,"column":72}},"type":"default-arg","locations":[{"start":{"line":94,"column":54},"end":{"line":94,"column":72}}],"line":94}},"s":{"0":0,"1":0,"2":0,"3":0,"4":0,"5":0,"6":0,"7":0,"8":0,"9":0,"10":0,"11":0,"12":0,"13":0,"14":0,"15":0},"f":{"0":0,"1":0,"2":0,"3":0,"4":0,"5":0},"b":{"0":[0],"1":[0],"2":[0],"3":[0,0],"4":[0],"5":[0,0],"6":[0,0],"7":[0,0],"8":[0,0],"9":[0,0],"10":[0],"11":[0],"12":[0],"13":[0],"14":[0],"15":[0,0],"16":[0],"17":[0],"18":[0]}}
,"C:\\Users\\SHARON Otunga\\Desktop\\Project\\Bolt 1.1\\backend\\src\\utils\\appError.js": {"path":"C:\\Users\\SHARON Otunga\\Desktop\\Project\\Bolt 1.1\\backend\\src\\utils\\appError.js","statementMap":{"0":{"start":{"line":8,"column":42},"end":{"line":8,"column":57}},"1":{"start":{"line":10,"column":4},"end":{"line":10,"column":19}},"2":{"start":{"line":11,"column":4},"end":{"line":11,"column":27}},"3":{"start":{"line":12,"column":4},"end":{"line":12,"column":21}},"4":{"start":{"line":13,"column":4},"end":{"line":13,"column":33}},"5":{"start":{"line":14,"column":4},"end":{"line":14,"column":27}},"6":{"start":{"line":15,"column":4},"end":{"line":15,"column":37}},"7":{"start":{"line":18,"column":4},"end":{"line":20,"column":5}},"8":{"start":{"line":19,"column":6},"end":{"line":19,"column":54}},"9":{"start":{"line":27,"column":4},"end":{"line":33,"column":6}},"10":{"start":{"line":40,"column":4},"end":{"line":40,"column":27}},"11":{"start":{"line":47,"column":4},"end":{"line":47,"column":16}},"12":{"start":{"line":57,"column":20},"end":{"line":59,"column":1}},"13":{"start":{"line":58,"column":2},"end":{"line":58,"column":58}},"14":{"start":{"line":66,"column":21},"end":{"line":73,"column":1}},"15":{"start":{"line":67,"column":2},"end":{"line":72,"column":4}},"16":{"start":{"line":75,"column":0},"end":{"line":79,"column":2}}},"fnMap":{"0":{"name":"(anonymous_0)","decl":{"start":{"line":7,"column":2},"end":{"line":7,"column":3}},"loc":{"start":{"line":7,"column":55},"end":{"line":21,"column":3}},"line":7},"1":{"name":"(anonymous_1)","decl":{"start":{"line":26,"column":2},"end":{"line":26,"column":3}},"loc":{"start":{"line":26,"column":11},"end":{"line":34,"column":3}},"line":26},"2":{"name":"(anonymous_2)","decl":{"start":{"line":39,"column":2},"end":{"line":39,"column":3}},"loc":{"start":{"line":39,"column":14},"end":{"line":41,"column":3}},"line":39},"3":{"name":"(anonymous_3)","decl":{"start":{"line":46,"column":2},"end":{"line":46,"column":3}},"loc":{"start":{"line":46,"column":18},"end":{"line":48,"column":3}},"line":46},"4":{"name":"(anonymous_4)","decl":{"start":{"line":57,"column":20},"end":{"line":57,"column":21}},"loc":{"start":{"line":57,"column":65},"end":{"line":59,"column":1}},"line":57},"5":{"name":"(anonymous_5)","decl":{"start":{"line":66,"column":21},"end":{"line":66,"column":22}},"loc":{"start":{"line":66,"column":42},"end":{"line":73,"column":1}},"line":66}},"branchMap":{"0":{"loc":{"start":{"line":7,"column":31},"end":{"line":7,"column":53}},"type":"default-arg","locations":[{"start":{"line":7,"column":51},"end":{"line":7,"column":53}}],"line":7},"1":{"loc":{"start":{"line":18,"column":4},"end":{"line":20,"column":5}},"type":"if","locations":[{"start":{"line":18,"column":4},"end":{"line":20,"column":5}},{"start":{},"end":{}}],"line":18},"2":{"loc":{"start":{"line":32,"column":10},"end":{"line":32,"column":71}},"type":"binary-expr","locations":[{"start":{"line":32,"column":10},"end":{"line":32,"column":42}},{"start":{"line":32,"column":46},"end":{"line":32,"column":71}}],"line":32},"3":{"loc":{"start":{"line":57,"column":38},"end":{"line":57,"column":60}},"type":"default-arg","locations":[{"start":{"line":57,"column":58},"end":{"line":57,"column":60}}],"line":57},"4":{"loc":{"start":{"line":68,"column":4},"end":{"line":71,"column":27}},"type":"binary-expr","locations":[{"start":{"line":68,"column":4},"end":{"line":68,"column":19}},{"start":{"line":69,"column":4},"end":{"line":69,"column":24}},{"start":{"line":70,"column":4},"end":{"line":70,"column":30}},{"start":{"line":71,"column":4},"end":{"line":71,"column":27}}],"line":68}},"s":{"0":0,"1":0,"2":0,"3":0,"4":0,"5":0,"6":0,"7":0,"8":0,"9":0,"10":0,"11":0,"12":0,"13":0,"14":0,"15":0,"16":0},"f":{"0":0,"1":0,"2":0,"3":0,"4":0,"5":0},"b":{"0":[0],"1":[0,0],"2":[0,0],"3":[0],"4":[0,0,0,0]}}
,"C:\\Users\\SHARON Otunga\\Desktop\\Project\\Bolt 1.1\\backend\\src\\utils\\paymentConstants.js": {"path":"C:\\Users\\SHARON Otunga\\Desktop\\Project\\Bolt 1.1\\backend\\src\\utils\\paymentConstants.js","statementMap":{"0":{"start":{"line":22,"column":23},"end":{"line":35,"column":2}},"1":{"start":{"line":40,"column":30},"end":{"line":40,"column":59}},"2":{"start":{"line":46,"column":29},"end":{"line":55,"column":2}},"3":{"start":{"line":61,"column":30},"end":{"line":61,"column":57}},"4":{"start":{"line":61,"column":36},"end":{"line":61,"column":57}},"5":{"start":{"line":63,"column":0},"end":{"line":68,"column":2}}},"fnMap":{"0":{"name":"(anonymous_0)","decl":{"start":{"line":61,"column":30},"end":{"line":61,"column":31}},"loc":{"start":{"line":61,"column":36},"end":{"line":61,"column":57}},"line":61}},"branchMap":{},"s":{"0":0,"1":0,"2":0,"3":0,"4":0,"5":0},"f":{"0":0},"b":{}}
,"C:\\Users\\SHARON Otunga\\Desktop\\Project\\Bolt 1.1\\backend\\src\\utils\\requireController.js": {"path":"C:\\Users\\SHARON Otunga\\Desktop\\Project\\Bolt 1.1\\backend\\src\\utils\\requireController.js","statementMap":{"0":{"start":{"line":1,"column":13},"end":{"line":1,"column":28}},"1":{"start":{"line":3,"column":26},"end":{"line":18,"column":1}},"2":{"start":{"line":4,"column":21},"end":{"line":4,"column":69}},"3":{"start":{"line":6,"column":2},"end":{"line":8,"column":3}},"4":{"start":{"line":7,"column":4},"end":{"line":7,"column":22}},"5":{"start":{"line":10,"column":2},"end":{"line":17,"column":5}},"6":{"start":{"line":12,"column":6},"end":{"line":14,"column":7}},"7":{"start":{"line":13,"column":8},"end":{"line":13,"column":97}},"8":{"start":{"line":15,"column":6},"end":{"line":15,"column":53}},"9":{"start":{"line":20,"column":0},"end":{"line":20,"column":39}}},"fnMap":{"0":{"name":"(anonymous_0)","decl":{"start":{"line":3,"column":26},"end":{"line":3,"column":27}},"loc":{"start":{"line":3,"column":46},"end":{"line":18,"column":1}},"line":3},"1":{"name":"(anonymous_1)","decl":{"start":{"line":11,"column":4},"end":{"line":11,"column":5}},"loc":{"start":{"line":11,"column":36},"end":{"line":16,"column":5}},"line":11}},"branchMap":{"0":{"loc":{"start":{"line":6,"column":2},"end":{"line":8,"column":3}},"type":"if","locations":[{"start":{"line":6,"column":2},"end":{"line":8,"column":3}},{"start":{},"end":{}}],"line":6},"1":{"loc":{"start":{"line":6,"column":6},"end":{"line":6,"column":51}},"type":"binary-expr","locations":[{"start":{"line":6,"column":6},"end":{"line":6,"column":17}},{"start":{"line":6,"column":21},"end":{"line":6,"column":51}}],"line":6},"2":{"loc":{"start":{"line":12,"column":6},"end":{"line":14,"column":7}},"type":"if","locations":[{"start":{"line":12,"column":6},"end":{"line":14,"column":7}},{"start":{},"end":{}}],"line":12},"3":{"loc":{"start":{"line":12,"column":10},"end":{"line":12,"column":63}},"type":"binary-expr","locations":[{"start":{"line":12,"column":10},"end":{"line":12,"column":38}},{"start":{"line":12,"column":42},"end":{"line":12,"column":63}}],"line":12}},"s":{"0":0,"1":0,"2":0,"3":0,"4":0,"5":0,"6":0,"7":0,"8":0,"9":0},"f":{"0":0,"1":0},"b":{"0":[0,0],"1":[0,0],"2":[0,0],"3":[0,0]}}
}
